#
# A fatal error has been detected by the Java Runtime Environment:
#
#  SIGSEGV (0xb) at pc=0x00000001054edf9d, pid=5725, tid=0x0000000000004c03
#
# JRE version: Java(TM) SE Runtime Environment (8.0_111-b14) (build 1.8.0_111-b14)
# Java VM: Java HotSpot(TM) 64-Bit Server VM (25.111-b14 mixed mode bsd-amd64 compressed oops)
# Problematic frame:
# V  [libjvm.dylib+0x2edf9d]
#
# Failed to write core dump. Core dumps have been disabled. To enable core dumping, try "ulimit -c unlimited" before starting Java again
#
# If you would like to submit a bug report, please visit:
#   http://bugreport.java.com/bugreport/crash.jsp
#

---------------  T H R E A D  ---------------

Current thread (0x00007ff55108c000):  JavaThread "JDWP Transport Listener: dt_socket" daemon [_thread_in_vm, id=19459, stack(0x0000700000fca000,0x00007000010ca000)]

siginfo: si_signo: 11 (SIGSEGV), si_code: 1 (SEGV_MAPERR), si_addr: 0x0000000000000010

Registers:
RAX=0x0000000000000010, RBX=0x000000076ffd79b0, RCX=0x0000000000000010, RDX=0x0000000000000000
RSP=0x00007000010c9920, RBP=0x00007000010c9920, RSI=0x0000000000000010, RDI=0x0000000000000000
R8 =0x00007000010c9ab8, R9 =0x00007000010c9aa8, R10=0x0000000057eef02c, R11=0xfffff00aab687fa0
R12=0x0000000000000000, R13=0x0000000000000000, R14=0x0000000000000010, R15=0x0000000000000010
RIP=0x00000001054edf9d, EFLAGS=0x0000000000010246, ERR=0x0000000000000004
  TRAPNO=0x000000000000000e

Top of Stack: (sp=0x00007000010c9920)
0x00007000010c9920:   00007000010c9a10 0000000105587997
0x00007000010c9930:   00007ff553001b80 00007ff5530004a0
0x00007000010c9940:   00007000010c9abc 00007000010c9ab8
0x00007000010c9950:   00007000010c9aa8 00007000010c9ab0
0x00007000010c9960:   00000000010c99c0 00007ff550d1e540
0x00007000010c9970:   00007ff550d1e150 000000115108c000
0x00007000010c9980:   00007ff55108c000 00007ff55108c000
0x00007000010c9990:   00007ff550d23d40 00007ff550d1e530
0x00007000010c99a0:   00007ff550d1e540 00007ff550d1e618
0x00007000010c99b0:   00000000000000d8 00007000010c9db0
0x00007000010c99c0:   00007ff550d23a30 00007ff550d1e140
0x00007000010c99d0:   00007ff550d1e150 00007ff550d1e528
0x00007000010c99e0:   00000000000003d8 00007000010c9ab8
0x00007000010c99f0:   00007ff5530004a0 00007ff55108c000
0x00007000010c9a00:   00007000010c9ab0 00007000010c9abc
0x00007000010c9a10:   00007000010c9a90 000000010555d011
0x00007000010c9a20:   00007000010c9a50 00007ff5533002c8
0x00007000010c9a30:   00007000010c9aa8 00007ff55108c000
0x00007000010c9a40:   0000000000000000 0000000000000000
0x00007000010c9a50:   0000000000000000 00007ff55108c000
0x00007000010c9a60:   00007ff55108c000 00007000010c9b08
0x00007000010c9a70:   00007ff5533002c8 00007ff555a42a50
0x00007000010c9a80:   00007000010c9c90 00007ff55108c1f8
0x00007000010c9a90:   00007000010c9ae0 0000000104170775
0x00007000010c9aa0:   00007000010c9ac0 0000000104182745
0x00007000010c9ab0:   00007000010c9b08 0000000000006d5e
0x00007000010c9ac0:   00007000010c9c90 0000000104190df2
0x00007000010c9ad0:   00007000010c9b08 000000010419c598
0x00007000010c9ae0:   00007000010c9d00 00000001041777ac
0x00007000010c9af0:   00006d5e00000013 0000000000030c00
0x00007000010c9b00:   00007ff555a41ab0 00007000010c9b58
0x00007000010c9b10:   00007ff50000012c 00007000010c9b20 

Instructions: (pc=0x00000001054edf9d)
0x00000001054edf7d:   05 7e fe 53 00 48 83 f8 ff 74 04 41 89 1c 06 5b
0x00000001054edf8d:   41 5e 5d c3 90 55 48 89 e5 48 63 05 ef 86 5f 00
0x00000001054edf9d:   48 8b 04 07 5d c3 90 55 48 89 e5 48 63 05 dd 86
0x00000001054edfad:   5f 00 48 89 34 07 5d c3 90 55 48 89 e5 48 63 05 

Register to memory mapping:

RAX=0x0000000000000010 is an unknown value
RBX=0x000000076ffd79b0 is an oop
[Ljava.lang.Thread; 
 - klass: 'java/lang/Thread'[]
 - length: 64
RCX=0x0000000000000010 is an unknown value
RDX=0x0000000000000000 is an unknown value
RSP=0x00007000010c9920 is pointing into the stack for thread: 0x00007ff55108c000
RBP=0x00007000010c9920 is pointing into the stack for thread: 0x00007ff55108c000
RSI=0x0000000000000010 is an unknown value
RDI=0x0000000000000000 is an unknown value
R8 =0x00007000010c9ab8 is pointing into the stack for thread: 0x00007ff55108c000
R9 =0x00007000010c9aa8 is pointing into the stack for thread: 0x00007ff55108c000
R10=0x0000000057eef02c is an unknown value
R11=0xfffff00aab687fa0 is an unknown value
R12=0x0000000000000000 is an unknown value
R13=0x0000000000000000 is an unknown value
R14=0x0000000000000010 is an unknown value
R15=0x0000000000000010 is an unknown value


Stack: [0x0000700000fca000,0x00007000010ca000],  sp=0x00007000010c9920,  free space=1022k
Native frames: (J=compiled Java code, j=interpreted, Vv=VM code, C=native code)
V  [libjvm.dylib+0x2edf9d]
V  [libjvm.dylib+0x387997]
V  [libjvm.dylib+0x35d011]
C  [libjdwp.dylib+0x7775]  children+0xaf
C  [libjdwp.dylib+0xe7ac]  debugLoop_run+0x1ce
C  [libjdwp.dylib+0x1f632]  attachThread+0x4d
V  [libjvm.dylib+0x3998cc]
V  [libjvm.dylib+0x56a27b]
V  [libjvm.dylib+0x56b968]
V  [libjvm.dylib+0x489b0a]
C  [libsystem_pthread.dylib+0x399d]  _pthread_body+0x83
C  [libsystem_pthread.dylib+0x391a]  _pthread_body+0x0
C  [libsystem_pthread.dylib+0x1351]  thread_start+0xd
C  0x0000000000000000


---------------  P R O C E S S  ---------------

Java Threads: ( => current thread )
  0x00007ff552837800 JavaThread "mysql-cj-abandoned-connection-cleanup" daemon [_thread_blocked, id=53007, stack(0x00007000020fd000,0x00007000021fd000)]
  0x00007ff55208c800 JavaThread "globalEventExecutor-2-1" [_thread_blocked, id=51975, stack(0x0000700004c7e000,0x0000700004d7e000)]
  0x00007ff5514b9000 JavaThread "JMX server connection timeout 81" daemon [_thread_blocked, id=51719, stack(0x0000700004a78000,0x0000700004b78000)]
  0x00007ff552832800 JavaThread "RMI TCP Connection(15)-127.0.0.1" daemon [_thread_blocked, id=49927, stack(0x0000700004975000,0x0000700004a75000)]
  0x00007ff551231800 JavaThread "logback-4" daemon [_thread_blocked, id=49671, stack(0x0000700001ef7000,0x0000700001ff7000)]
  0x00007ff55282e000 JavaThread "logback-3" daemon [_thread_blocked, id=27143, stack(0x0000700001cf1000,0x0000700001df1000)]
  0x00007ff551867800 JavaThread "logback-2" daemon [_thread_blocked, id=14859, stack(0x0000700000d3e000,0x0000700000e3e000)]
  0x00007ff55481e800 JavaThread "RMI TCP Connection(14)-127.0.0.1" daemon [_thread_in_native, id=50691, stack(0x0000700004b7b000,0x0000700004c7b000)]
  0x00007ff552a67000 JavaThread "DestroyJavaVM" [_thread_blocked, id=5891, stack(0x000070000011a000,0x000070000021a000)]
  0x00007ff552473800 JavaThread "http-nio-8099-Acceptor" daemon [_thread_blocked, id=49155, stack(0x0000700004872000,0x0000700004972000)]
  0x00007ff55246e000 JavaThread "http-nio-8099-exec-28" daemon [_thread_blocked, id=47107, stack(0x0000700004466000,0x0000700004566000)]
  0x00007ff55481d000 JavaThread "http-nio-8099-exec-26" daemon [_thread_blocked, id=46083, stack(0x0000700004260000,0x0000700004360000)]
  0x00007ff5514e9000 JavaThread "http-nio-8099-exec-24" daemon [_thread_blocked, id=45059, stack(0x000070000405a000,0x000070000415a000)]
  0x00007ff553890000 JavaThread "http-nio-8099-exec-22" daemon [_thread_blocked, id=44035, stack(0x0000700003e54000,0x0000700003f54000)]
  0x00007ff55388f800 JavaThread "http-nio-8099-exec-19" daemon [_thread_blocked, id=42499, stack(0x0000700003b4b000,0x0000700003c4b000)]
  0x00007ff5514e8800 JavaThread "http-nio-8099-exec-14" daemon [_thread_blocked, id=39939, stack(0x000070000363c000,0x000070000373c000)]
  0x00007ff5523aa000 JavaThread "http-nio-8099-exec-9" daemon [_thread_blocked, id=37379, stack(0x000070000312d000,0x000070000322d000)]
  0x00007ff5529db000 JavaThread "http-nio-8099-exec-5" daemon [_thread_blocked, id=35331, stack(0x0000700002d21000,0x0000700002e21000)]
  0x00007ff5529d9000 JavaThread "http-nio-8099-BlockPoller" daemon [_thread_in_native, id=32771, stack(0x0000700002812000,0x0000700002912000)]
  0x00007ff5514a3000 JavaThread "container-0" [_thread_blocked, id=32259, stack(0x000070000270f000,0x000070000280f000)]
  0x00007ff5514b2800 JavaThread "Catalina-utility-2" [_thread_blocked, id=31747, stack(0x000070000260c000,0x000070000270c000)]
  0x00007ff552306000 JavaThread "Catalina-utility-1" [_thread_blocked, id=31235, stack(0x0000700002509000,0x0000700002609000)]
  0x00007ff552929800 JavaThread "logback-1" daemon [_thread_blocked, id=30723, stack(0x0000700002406000,0x0000700002506000)]
  0x00007ff55121d000 JavaThread "JMX server connection timeout 24" daemon [_thread_blocked, id=30211, stack(0x0000700002303000,0x0000700002403000)]
  0x00007ff5528db000 JavaThread "RMI TCP Connection(3)-127.0.0.1" daemon [_thread_in_native, id=29699, stack(0x0000700002200000,0x0000700002300000)]
  0x00007ff551a11000 JavaThread "JMX server connection timeout 21" daemon [_thread_blocked, id=28675, stack(0x0000700001ffa000,0x00007000020fa000)]
  0x00007ff5528a8800 JavaThread "RMI Scheduler(0)" daemon [_thread_blocked, id=27651, stack(0x0000700001df4000,0x0000700001ef4000)]
  0x00007ff554804800 JavaThread "Attach Listener" daemon [_thread_blocked, id=26627, stack(0x0000700001bee000,0x0000700001cee000)]
  0x00007ff551a17800 JavaThread "RMI TCP Accept-0" daemon [_thread_in_native, id=25615, stack(0x00007000019e8000,0x0000700001ae8000)]
  0x00007ff552165800 JavaThread "RMI TCP Accept-54843" daemon [_thread_in_native, id=24067, stack(0x00007000018e5000,0x00007000019e5000)]
  0x00007ff55197b800 JavaThread "RMI TCP Accept-0" daemon [_thread_in_native, id=23555, stack(0x00007000017e2000,0x00007000018e2000)]
  0x00007ff55204b000 JavaThread "Service Thread" daemon [_thread_blocked, id=23043, stack(0x00007000016df000,0x00007000017df000)]
  0x00007ff55203e800 JavaThread "C1 CompilerThread3" daemon [_thread_blocked, id=22531, stack(0x00007000015dc000,0x00007000016dc000)]
  0x00007ff55203d800 JavaThread "C2 CompilerThread2" daemon [_thread_blocked, id=22019, stack(0x00007000014d9000,0x00007000015d9000)]
  0x00007ff553807000 JavaThread "C2 CompilerThread1" daemon [_thread_blocked, id=21507, stack(0x00007000013d6000,0x00007000014d6000)]
  0x00007ff55108c800 JavaThread "C2 CompilerThread0" daemon [_thread_blocked, id=20995, stack(0x00007000012d3000,0x00007000013d3000)]
  0x00007ff552816800 JavaThread "JDWP Command Reader" daemon [_thread_in_native, id=20483, stack(0x00007000011d0000,0x00007000012d0000)]
  0x00007ff55108d800 JavaThread "JDWP Event Helper Thread" daemon [_thread_blocked, id=19971, stack(0x00007000010cd000,0x00007000011cd000)]
=>0x00007ff55108c000 JavaThread "JDWP Transport Listener: dt_socket" daemon [_thread_in_vm, id=19459, stack(0x0000700000fca000,0x00007000010ca000)]
  0x00007ff552801000 JavaThread "Signal Dispatcher" daemon [_thread_blocked, id=18707, stack(0x0000700000ec7000,0x0000700000fc7000)]
  0x00007ff551810000 JavaThread "Finalizer" daemon [_thread_blocked, id=14339, stack(0x0000700000c3b000,0x0000700000d3b000)]
  0x00007ff55103b000 JavaThread "Reference Handler" daemon [_thread_blocked, id=13827, stack(0x0000700000b38000,0x0000700000c38000)]

Other Threads:
  0x00007ff55180d000 VMThread [stack: 0x0000700000a35000,0x0000700000b35000] [id=13315]
  0x00007ff551a18800 WatcherThread [stack: 0x0000700001aeb000,0x0000700001beb000] [id=26115]

VM state:not at safepoint (normal execution)

VM Mutex/Monitor currently owned by a thread:  ([mutex/lock_event])
[0x00007ff553001b80] Threads_lock - owner thread: 0x00007ff55108c000

Heap:
 PSYoungGen      total 205824K, used 164679K [0x000000076ab00000, 0x0000000777f80000, 0x00000007c0000000)
  eden space 195072K, 84% used [0x000000076ab00000,0x0000000774bd1fc0,0x0000000776980000)
  from space 10752K, 0% used [0x0000000777500000,0x0000000777500000,0x0000000777f80000)
  to   space 10752K, 0% used [0x0000000776a80000,0x0000000776a80000,0x0000000777500000)
 ParOldGen       total 163840K, used 15973K [0x00000006c0000000, 0x00000006ca000000, 0x000000076ab00000)
  object space 163840K, 9% used [0x00000006c0000000,0x00000006c0f99738,0x00000006ca000000)
 Metaspace       used 40151K, capacity 42632K, committed 42880K, reserved 1085440K
  class space    used 5475K, capacity 5945K, committed 6016K, reserved 1048576K

Card table byte_map: [0x0000000115561000,0x0000000115d62000] byte_map_base: 0x0000000111f61000

Marking Bits: (ParMarkBitMap*) 0x0000000105aefd20
 Begin Bits: [0x00000001162b8000, 0x000000011a2b8000)
 End Bits:   [0x000000011a2b8000, 0x000000011e2b8000)

Polling page: 0x0000000104168000

CodeCache: size=245760Kb used=8201Kb max_used=8268Kb free=237558Kb
 bounds [0x00000001061a1000, 0x00000001069c1000, 0x00000001151a1000]
 total_blobs=4388 nmethods=3937 adapters=372
 compilation: enabled

Compilation events (10 events):
Event: 205.081 Thread 0x00007ff55203e800 3964       1       java.io.UnixFileSystem::parentOrNull (118 bytes)
Event: 205.081 Thread 0x00007ff55203e800 nmethod 3964 0x00000001062ba950 code [0x00000001062bab00, 0x00000001062baee8]
Event: 205.089 Thread 0x00007ff55203e800 3965       1       java.util.concurrent.ScheduledThreadPoolExecutor$DelayedWorkQueue::siftDown (121 bytes)
Event: 205.089 Thread 0x00007ff55203e800 nmethod 3965 0x00000001064da610 code [0x00000001064da7c0, 0x00000001064dacd8]
Event: 205.090 Thread 0x00007ff55203e800 3966       1       org.apache.juli.logging.DirectJDKLog::isDebugEnabled (11 bytes)
Event: 205.090 Thread 0x00007ff55203e800 nmethod 3966 0x0000000106484310 code [0x0000000106484460, 0x00000001064845b0]
Event: 205.098 Thread 0x00007ff55203e800 3967       1       java.lang.Thread::checkAccess (14 bytes)
Event: 205.098 Thread 0x00007ff55203e800 nmethod 3967 0x00000001063d5190 code [0x00000001063d5300, 0x00000001063d5468]
Event: 205.099 Thread 0x00007ff55203e800 3968       1       java.util.concurrent.locks.AbstractQueuedSynchronizer::shouldParkAfterFailedAcquire (50 bytes)
Event: 205.099 Thread 0x00007ff55203e800 nmethod 3968 0x00000001063f23d0 code [0x00000001063f2540, 0x00000001063f26f0]

GC Heap History (10 events):
Event: 1.056 GC heap before
{Heap before GC invocations=2 (full 0):
 PSYoungGen      total 76288K, used 52046K [0x000000076ab00000, 0x0000000774000000, 0x00000007c0000000)
  eden space 65536K, 67% used [0x000000076ab00000,0x000000076d5ea8d0,0x000000076eb00000)
  from space 10752K, 75% used [0x000000076eb00000,0x000000076f2e9170,0x000000076f580000)
  to   space 10752K, 0% used [0x0000000773580000,0x0000000773580000,0x0000000774000000)
 ParOldGen       total 175104K, used 16K [0x00000006c0000000, 0x00000006cab00000, 0x000000076ab00000)
  object space 175104K, 0% used [0x00000006c0000000,0x00000006c0004000,0x00000006cab00000)
 Metaspace       used 20623K, capacity 21196K, committed 21296K, reserved 1067008K
  class space    used 2692K, capacity 2863K, committed 2944K, reserved 1048576K
Event: 1.067 GC heap after
Heap after GC invocations=2 (full 0):
 PSYoungGen      total 141824K, used 9824K [0x000000076ab00000, 0x0000000774000000, 0x00000007c0000000)
  eden space 131072K, 0% used [0x000000076ab00000,0x000000076ab00000,0x0000000772b00000)
  from space 10752K, 91% used [0x0000000773580000,0x0000000773f18390,0x0000000774000000)
  to   space 10752K, 0% used [0x0000000772b00000,0x0000000772b00000,0x0000000773580000)
 ParOldGen       total 175104K, used 88K [0x00000006c0000000, 0x00000006cab00000, 0x000000076ab00000)
  object space 175104K, 0% used [0x00000006c0000000,0x00000006c0016010,0x00000006cab00000)
 Metaspace       used 20623K, capacity 21196K, committed 21296K, reserved 1067008K
  class space    used 2692K, capacity 2863K, committed 2944K, reserved 1048576K
}
Event: 1.067 GC heap before
{Heap before GC invocations=3 (full 1):
 PSYoungGen      total 141824K, used 9824K [0x000000076ab00000, 0x0000000774000000, 0x00000007c0000000)
  eden space 131072K, 0% used [0x000000076ab00000,0x000000076ab00000,0x0000000772b00000)
  from space 10752K, 91% used [0x0000000773580000,0x0000000773f18390,0x0000000774000000)
  to   space 10752K, 0% used [0x0000000772b00000,0x0000000772b00000,0x0000000773580000)
 ParOldGen       total 175104K, used 88K [0x00000006c0000000, 0x00000006cab00000, 0x000000076ab00000)
  object space 175104K, 0% used [0x00000006c0000000,0x00000006c0016010,0x00000006cab00000)
 Metaspace       used 20623K, capacity 21196K, committed 21296K, reserved 1067008K
  class space    used 2692K, capacity 2863K, committed 2944K, reserved 1048576K
Event: 1.093 GC heap after
Heap after GC invocations=3 (full 1):
 PSYoungGen      total 141824K, used 0K [0x000000076ab00000, 0x0000000774000000, 0x00000007c0000000)
  eden space 131072K, 0% used [0x000000076ab00000,0x000000076ab00000,0x0000000772b00000)
  from space 10752K, 0% used [0x0000000773580000,0x0000000773580000,0x0000000774000000)
  to   space 10752K, 0% used [0x0000000772b00000,0x0000000772b00000,0x0000000773580000)
 ParOldGen       total 104960K, used 9467K [0x00000006c0000000, 0x00000006c6680000, 0x000000076ab00000)
  object space 104960K, 9% used [0x00000006c0000000,0x00000006c093ef40,0x00000006c6680000)
 Metaspace       used 20619K, capacity 21182K, committed 21296K, reserved 1067008K
  class space    used 2691K, capacity 2860K, committed 2944K, reserved 1048576K
}
Event: 2.050 GC heap before
{Heap before GC invocations=4 (full 1):
 PSYoungGen      total 141824K, used 131072K [0x000000076ab00000, 0x0000000774000000, 0x00000007c0000000)
  eden space 131072K, 100% used [0x000000076ab00000,0x0000000772b00000,0x0000000772b00000)
  from space 10752K, 0% used [0x0000000773580000,0x0000000773580000,0x0000000774000000)
  to   space 10752K, 0% used [0x0000000772b00000,0x0000000772b00000,0x0000000773580000)
 ParOldGen       total 104960K, used 9467K [0x00000006c0000000, 0x00000006c6680000, 0x000000076ab00000)
  object space 104960K, 9% used [0x00000006c0000000,0x00000006c093ef40,0x00000006c6680000)
 Metaspace       used 28731K, capacity 29832K, committed 30080K, reserved 1075200K
  class space    used 3838K, capacity 4101K, committed 4224K, reserved 1048576K
Event: 2.062 GC heap after
Heap after GC invocations=4 (full 1):
 PSYoungGen      total 141824K, used 10749K [0x000000076ab00000, 0x0000000777f80000, 0x00000007c0000000)
  eden space 131072K, 0% used [0x000000076ab00000,0x000000076ab00000,0x0000000772b00000)
  from space 10752K, 99% used [0x0000000772b00000,0x000000077357f780,0x0000000773580000)
  to   space 10752K, 0% used [0x0000000777500000,0x0000000777500000,0x0000000777f80000)
 ParOldGen       total 104960K, used 11932K [0x00000006c0000000, 0x00000006c6680000, 0x000000076ab00000)
  object space 104960K, 11% used [0x00000006c0000000,0x00000006c0ba72f0,0x00000006c6680000)
 Metaspace       used 28731K, capacity 29832K, committed 30080K, reserved 1075200K
  class space    used 3838K, capacity 4101K, committed 4224K, reserved 1048576K
}
Event: 2.565 GC heap before
{Heap before GC invocations=5 (full 1):
 PSYoungGen      total 141824K, used 67021K [0x000000076ab00000, 0x0000000777f80000, 0x00000007c0000000)
  eden space 131072K, 42% used [0x000000076ab00000,0x000000076e1f3e18,0x0000000772b00000)
  from space 10752K, 99% used [0x0000000772b00000,0x000000077357f780,0x0000000773580000)
  to   space 10752K, 0% used [0x0000000777500000,0x0000000777500000,0x0000000777f80000)
 ParOldGen       total 104960K, used 11932K [0x00000006c0000000, 0x00000006c6680000, 0x000000076ab00000)
  object space 104960K, 11% used [0x00000006c0000000,0x00000006c0ba72f0,0x00000006c6680000)
 Metaspace       used 33557K, capacity 35346K, committed 35496K, reserved 1079296K
  class space    used 4520K, capacity 4878K, committed 4992K, reserved 1048576K
Event: 2.577 GC heap after
Heap after GC invocations=5 (full 1):
 PSYoungGen      total 205824K, used 10748K [0x000000076ab00000, 0x0000000777f80000, 0x00000007c0000000)
  eden space 195072K, 0% used [0x000000076ab00000,0x000000076ab00000,0x0000000776980000)
  from space 10752K, 99% used [0x0000000777500000,0x0000000777f7f040,0x0000000777f80000)
  to   space 10752K, 0% used [0x0000000776a80000,0x0000000776a80000,0x0000000777500000)
 ParOldGen       total 104960K, used 12340K [0x00000006c0000000, 0x00000006c6680000, 0x000000076ab00000)
  object space 104960K, 11% used [0x00000006c0000000,0x00000006c0c0d040,0x00000006c6680000)
 Metaspace       used 33557K, capacity 35346K, committed 35496K, reserved 1079296K
  class space    used 4520K, capacity 4878K, committed 4992K, reserved 1048576K
}
Event: 2.577 GC heap before
{Heap before GC invocations=6 (full 2):
 PSYoungGen      total 205824K, used 10748K [0x000000076ab00000, 0x0000000777f80000, 0x00000007c0000000)
  eden space 195072K, 0% used [0x000000076ab00000,0x000000076ab00000,0x0000000776980000)
  from space 10752K, 99% used [0x0000000777500000,0x0000000777f7f040,0x0000000777f80000)
  to   space 10752K, 0% used [0x0000000776a80000,0x0000000776a80000,0x0000000777500000)
 ParOldGen       total 104960K, used 12340K [0x00000006c0000000, 0x00000006c6680000, 0x000000076ab00000)
  object space 104960K, 11% used [0x00000006c0000000,0x00000006c0c0d040,0x00000006c6680000)
 Metaspace       used 33557K, capacity 35346K, committed 35496K, reserved 1079296K
  class space    used 4520K, capacity 4878K, committed 4992K, reserved 1048576K
Event: 2.618 GC heap after
Heap after GC invocations=6 (full 2):
 PSYoungGen      total 205824K, used 0K [0x000000076ab00000, 0x0000000777f80000, 0x00000007c0000000)
  eden space 195072K, 0% used [0x000000076ab00000,0x000000076ab00000,0x0000000776980000)
  from space 10752K, 0% used [0x0000000777500000,0x0000000777500000,0x0000000777f80000)
  to   space 10752K, 0% used [0x0000000776a80000,0x0000000776a80000,0x0000000777500000)
 ParOldGen       total 163840K, used 15973K [0x00000006c0000000, 0x00000006ca000000, 0x000000076ab00000)
  object space 163840K, 9% used [0x00000006c0000000,0x00000006c0f99738,0x00000006ca000000)
 Metaspace       used 33557K, capacity 35346K, committed 35496K, reserved 1079296K
  class space    used 4520K, capacity 4878K, committed 4992K, reserved 1048576K
}

Deoptimization events (0 events):
No events

Internal exceptions (10 events):
Event: 200.179 Thread 0x00007ff5528db000 Exception <a 'java/security/PrivilegedActionException'> (0x0000000772b99888) thrown at [/Users/java_re/workspace/8-2-build-macosx-x86_64/jdk8u111/7883/hotspot/src/share/vm/prims/jvm.cpp, line 1386]
Event: 200.181 Thread 0x00007ff5528db000 Exception <a 'java/security/PrivilegedActionException'> (0x0000000772ba34e8) thrown at [/Users/java_re/workspace/8-2-build-macosx-x86_64/jdk8u111/7883/hotspot/src/share/vm/prims/jvm.cpp, line 1386]
Event: 200.182 Thread 0x00007ff5528db000 Exception <a 'java/security/PrivilegedActionException'> (0x0000000772baba08) thrown at [/Users/java_re/workspace/8-2-build-macosx-x86_64/jdk8u111/7883/hotspot/src/share/vm/prims/jvm.cpp, line 1386]
Event: 200.183 Thread 0x00007ff5528db000 Exception <a 'java/security/PrivilegedActionException'> (0x0000000772bb3ea8) thrown at [/Users/java_re/workspace/8-2-build-macosx-x86_64/jdk8u111/7883/hotspot/src/share/vm/prims/jvm.cpp, line 1386]
Event: 200.185 Thread 0x00007ff5528db000 Exception <a 'java/security/PrivilegedActionException'> (0x0000000772bbc338) thrown at [/Users/java_re/workspace/8-2-build-macosx-x86_64/jdk8u111/7883/hotspot/src/share/vm/prims/jvm.cpp, line 1386]
Event: 200.186 Thread 0x00007ff5528db000 Exception <a 'java/security/PrivilegedActionException'> (0x0000000772bc47d0) thrown at [/Users/java_re/workspace/8-2-build-macosx-x86_64/jdk8u111/7883/hotspot/src/share/vm/prims/jvm.cpp, line 1386]
Event: 200.187 Thread 0x00007ff5528db000 Exception <a 'java/security/PrivilegedActionException'> (0x0000000772bccc08) thrown at [/Users/java_re/workspace/8-2-build-macosx-x86_64/jdk8u111/7883/hotspot/src/share/vm/prims/jvm.cpp, line 1386]
Event: 205.059 Thread 0x00007ff552832800 Exception <a 'java/lang/NoSuchMethodError': java.lang.Object.lambda$toStream$0(Ljava/util/Optional;)Ljava/util/stream/Stream;> (0x0000000772f16668) thrown at [/Users/java_re/workspace/8-2-build-macosx-x86_64/jdk8u111/7883/hotspot/src/share/vm/interpreter/
Event: 205.060 Thread 0x00007ff552832800 Exception <a 'java/lang/NoSuchMethodError': java.lang.Object.of(Ljava/lang/Object;)Ljava/util/stream/Stream;> (0x0000000772f1c548) thrown at [/Users/java_re/workspace/8-2-build-macosx-x86_64/jdk8u111/7883/hotspot/src/share/vm/interpreter/linkResolver.cpp,
Event: 205.060 Thread 0x00007ff552832800 Exception <a 'java/lang/NoSuchMethodError': java.lang.Object.empty()Ljava/util/stream/Stream;> (0x0000000772f1f330) thrown at [/Users/java_re/workspace/8-2-build-macosx-x86_64/jdk8u111/7883/hotspot/src/share/vm/interpreter/linkResolver.cpp, line 582]

Events (10 events):
Event: 205.099 Thread 0x00007ff551c50800 Thread exited: 0x00007ff551c50800
Event: 205.099 Thread 0x00007ff5514ea000 Thread exited: 0x00007ff5514ea000
Event: 205.099 Thread 0x00007ff553891000 Thread exited: 0x00007ff553891000
Event: 205.099 Thread 0x00007ff551c51000 Thread exited: 0x00007ff551c51000
Event: 205.099 Thread 0x00007ff5523a9800 Thread exited: 0x00007ff5523a9800
Event: 205.099 Thread 0x00007ff55388e800 Thread exited: 0x00007ff55388e800
Event: 205.099 Thread 0x00007ff55246c800 Thread exited: 0x00007ff55246c800
Event: 205.099 Thread 0x00007ff5514d4800 Thread exited: 0x00007ff5514d4800
Event: 205.099 Thread 0x00007ff55388e000 Thread exited: 0x00007ff55388e000
Event: 205.099 Thread 0x00007ff551c4d800 Thread exited: 0x00007ff551c4d800


Dynamic libraries:
0x000000000b754000 	/System/Library/Frameworks/Cocoa.framework/Versions/A/Cocoa
0x000000000b754000 	/System/Library/Frameworks/Security.framework/Versions/A/Security
0x000000000b754000 	/System/Library/Frameworks/ApplicationServices.framework/Versions/A/ApplicationServices
0x000000000b754000 	/usr/lib/libz.1.dylib
0x000000000b754000 	/usr/lib/libSystem.B.dylib
0x000000000b754000 	/usr/lib/libobjc.A.dylib
0x000000000b754000 	/System/Library/Frameworks/CoreFoundation.framework/Versions/A/CoreFoundation
0x000000000b754000 	/System/Library/Frameworks/Foundation.framework/Versions/C/Foundation
0x000000000b754000 	/System/Library/Frameworks/AppKit.framework/Versions/C/AppKit
0x000000000b754000 	/System/Library/Frameworks/CoreData.framework/Versions/A/CoreData
0x000000000b754000 	/System/Library/PrivateFrameworks/RemoteViewServices.framework/Versions/A/RemoteViewServices
0x000000000b754000 	/System/Library/PrivateFrameworks/UIFoundation.framework/Versions/A/UIFoundation
0x000000000b754000 	/usr/lib/libScreenReader.dylib
0x000000000b754000 	/System/Library/Frameworks/Accelerate.framework/Versions/A/Accelerate
0x000000000b754000 	/System/Library/Frameworks/IOSurface.framework/Versions/A/IOSurface
0x000000000b754000 	/System/Library/Frameworks/AudioToolbox.framework/Versions/A/AudioToolbox
0x000000000b754000 	/System/Library/Frameworks/AudioUnit.framework/Versions/A/AudioUnit
0x000000000b754000 	/System/Library/PrivateFrameworks/DataDetectorsCore.framework/Versions/A/DataDetectorsCore
0x000000000b754000 	/System/Library/PrivateFrameworks/DesktopServicesPriv.framework/Versions/A/DesktopServicesPriv
0x000000000b754000 	/System/Library/Frameworks/Carbon.framework/Versions/A/Frameworks/HIToolbox.framework/Versions/A/HIToolbox
0x000000000b754000 	/System/Library/Frameworks/QuartzCore.framework/Versions/A/QuartzCore
0x000000000b754000 	/System/Library/Frameworks/Carbon.framework/Versions/A/Frameworks/SpeechRecognition.framework/Versions/A/SpeechRecognition
0x000000000b754000 	/usr/lib/libauto.dylib
0x000000000b754000 	/usr/lib/libicucore.A.dylib
0x000000000b754000 	/usr/lib/libxml2.2.dylib
0x000000000b754000 	/System/Library/PrivateFrameworks/CoreUI.framework/Versions/A/CoreUI
0x000000000b754000 	/System/Library/Frameworks/CoreAudio.framework/Versions/A/CoreAudio
0x000000000b754000 	/System/Library/Frameworks/DiskArbitration.framework/Versions/A/DiskArbitration
0x000000000b754000 	/usr/lib/liblangid.dylib
0x000000000b754000 	/System/Library/PrivateFrameworks/MultitouchSupport.framework/Versions/A/MultitouchSupport
0x000000000b754000 	/System/Library/Frameworks/IOKit.framework/Versions/A/IOKit
0x000000000b754000 	/usr/lib/libDiagnosticMessagesClient.dylib
0x000000000b754000 	/System/Library/Frameworks/CoreServices.framework/Versions/A/CoreServices
0x000000000b754000 	/System/Library/PrivateFrameworks/PerformanceAnalysis.framework/Versions/A/PerformanceAnalysis
0x000000000b754000 	/System/Library/PrivateFrameworks/GenerationalStorage.framework/Versions/A/GenerationalStorage
0x000000000b754000 	/System/Library/Frameworks/OpenGL.framework/Versions/A/OpenGL
0x000000000b754000 	/System/Library/PrivateFrameworks/Sharing.framework/Versions/A/Sharing
0x000000000b754000 	/System/Library/Frameworks/CoreGraphics.framework/Versions/A/CoreGraphics
0x000000000b754000 	/System/Library/Frameworks/CoreImage.framework/Versions/A/CoreImage
0x000000000b754000 	/System/Library/Frameworks/CoreText.framework/Versions/A/CoreText
0x000000000b754000 	/System/Library/Frameworks/ImageIO.framework/Versions/A/ImageIO
0x000000000b754000 	/System/Library/PrivateFrameworks/Backup.framework/Versions/A/Backup
0x000000000b754000 	/usr/lib/libextension.dylib
0x000000000b754000 	/usr/lib/libarchive.2.dylib
0x000000000b754000 	/System/Library/Frameworks/CFNetwork.framework/Versions/A/CFNetwork
0x000000000b754000 	/System/Library/Frameworks/SystemConfiguration.framework/Versions/A/SystemConfiguration
0x000000000b754000 	/usr/lib/libCRFSuite.dylib
0x000000000b754000 	/usr/lib/libc++.1.dylib
0x000000000b754000 	/usr/lib/libc++abi.dylib
0x000000000b754000 	/usr/lib/system/libcache.dylib
0x000000000b754000 	/usr/lib/system/libcommonCrypto.dylib
0x000000000b754000 	/usr/lib/system/libcompiler_rt.dylib
0x000000000b754000 	/usr/lib/system/libcopyfile.dylib
0x000000000b754000 	/usr/lib/system/libcorecrypto.dylib
0x000000000b754000 	/usr/lib/system/libdispatch.dylib
0x000000000b754000 	/usr/lib/system/libdyld.dylib
0x000000000b754000 	/usr/lib/system/libkeymgr.dylib
0x000000000b754000 	/usr/lib/system/liblaunch.dylib
0x000000000b754000 	/usr/lib/system/libmacho.dylib
0x000000000b754000 	/usr/lib/system/libquarantine.dylib
0x000000000b754000 	/usr/lib/system/libremovefile.dylib
0x000000000b754000 	/usr/lib/system/libsystem_asl.dylib
0x000000000b754000 	/usr/lib/system/libsystem_blocks.dylib
0x000000000b754000 	/usr/lib/system/libsystem_c.dylib
0x000000000b754000 	/usr/lib/system/libsystem_configuration.dylib
0x000000000b754000 	/usr/lib/system/libsystem_coreservices.dylib
0x000000000b754000 	/usr/lib/system/libsystem_coretls.dylib
0x000000000b754000 	/usr/lib/system/libsystem_dnssd.dylib
0x000000000b754000 	/usr/lib/system/libsystem_info.dylib
0x000000000b754000 	/usr/lib/system/libsystem_kernel.dylib
0x000000000b754000 	/usr/lib/system/libsystem_m.dylib
0x000000000b754000 	/usr/lib/system/libsystem_malloc.dylib
0x000000000b754000 	/usr/lib/system/libsystem_network.dylib
0x000000000b754000 	/usr/lib/system/libsystem_networkextension.dylib
0x000000000b754000 	/usr/lib/system/libsystem_notify.dylib
0x000000000b754000 	/usr/lib/system/libsystem_platform.dylib
0x000000000b754000 	/usr/lib/system/libsystem_pthread.dylib
0x000000000b754000 	/usr/lib/system/libsystem_sandbox.dylib
0x000000000b754000 	/usr/lib/system/libsystem_secinit.dylib
0x000000000b754000 	/usr/lib/system/libsystem_trace.dylib
0x000000000b754000 	/usr/lib/system/libunc.dylib
0x000000000b754000 	/usr/lib/system/libunwind.dylib
0x000000000b754000 	/usr/lib/system/libxpc.dylib
0x000000000b754000 	/usr/lib/libenergytrace.dylib
0x000000000b754000 	/usr/lib/libbsm.0.dylib
0x000000000b754000 	/usr/lib/system/libkxld.dylib
0x000000000b754000 	/usr/lib/libxar.1.dylib
0x000000000b754000 	/usr/lib/libsqlite3.dylib
0x000000000b754000 	/usr/lib/libpam.2.dylib
0x000000000b754000 	/usr/lib/libOpenScriptingUtil.dylib
0x000000000b754000 	/usr/lib/libbz2.1.0.dylib
0x000000000b754000 	/usr/lib/liblzma.5.dylib
0x000000000b754000 	/System/Library/Frameworks/CoreServices.framework/Versions/A/Frameworks/FSEvents.framework/Versions/A/FSEvents
0x000000000b754000 	/System/Library/Frameworks/CoreServices.framework/Versions/A/Frameworks/CarbonCore.framework/Versions/A/CarbonCore
0x000000000b754000 	/System/Library/Frameworks/CoreServices.framework/Versions/A/Frameworks/Metadata.framework/Versions/A/Metadata
0x000000000b754000 	/System/Library/Frameworks/CoreServices.framework/Versions/A/Frameworks/OSServices.framework/Versions/A/OSServices
0x000000000b754000 	/System/Library/Frameworks/CoreServices.framework/Versions/A/Frameworks/SearchKit.framework/Versions/A/SearchKit
0x000000000b754000 	/System/Library/Frameworks/CoreServices.framework/Versions/A/Frameworks/AE.framework/Versions/A/AE
0x000000000b754000 	/System/Library/Frameworks/CoreServices.framework/Versions/A/Frameworks/LaunchServices.framework/Versions/A/LaunchServices
0x000000000b754000 	/System/Library/Frameworks/CoreServices.framework/Versions/A/Frameworks/DictionaryServices.framework/Versions/A/DictionaryServices
0x000000000b754000 	/System/Library/Frameworks/CoreServices.framework/Versions/A/Frameworks/SharedFileList.framework/Versions/A/SharedFileList
0x000000000b754000 	/System/Library/Frameworks/NetFS.framework/Versions/A/NetFS
0x000000000b754000 	/System/Library/PrivateFrameworks/NetAuth.framework/Versions/A/NetAuth
0x000000000b754000 	/System/Library/PrivateFrameworks/login.framework/Versions/A/Frameworks/loginsupport.framework/Versions/A/loginsupport
0x000000000b754000 	/System/Library/PrivateFrameworks/TCC.framework/Versions/A/TCC
0x000000000b754000 	/usr/lib/libmecabra.dylib
0x000000000b754000 	/System/Library/Frameworks/ApplicationServices.framework/Versions/A/Frameworks/ATS.framework/Versions/A/ATS
0x000000000b754000 	/System/Library/Frameworks/ApplicationServices.framework/Versions/A/Frameworks/ColorSync.framework/Versions/A/ColorSync
0x000000000b754000 	/System/Library/Frameworks/ApplicationServices.framework/Versions/A/Frameworks/HIServices.framework/Versions/A/HIServices
0x000000000b754000 	/System/Library/Frameworks/ApplicationServices.framework/Versions/A/Frameworks/LangAnalysis.framework/Versions/A/LangAnalysis
0x000000000b754000 	/System/Library/Frameworks/ApplicationServices.framework/Versions/A/Frameworks/PrintCore.framework/Versions/A/PrintCore
0x000000000b754000 	/System/Library/Frameworks/ApplicationServices.framework/Versions/A/Frameworks/QD.framework/Versions/A/QD
0x000000000b754000 	/System/Library/Frameworks/ApplicationServices.framework/Versions/A/Frameworks/SpeechSynthesis.framework/Versions/A/SpeechSynthesis
0x000000000b754000 	/System/Library/Frameworks/Metal.framework/Versions/A/Metal
0x000000000b754000 	/System/Library/Frameworks/Accelerate.framework/Versions/A/Frameworks/vImage.framework/Versions/A/vImage
0x000000000b754000 	/System/Library/Frameworks/Accelerate.framework/Versions/A/Frameworks/vecLib.framework/Versions/A/vecLib
0x000000000b754000 	/System/Library/Frameworks/Accelerate.framework/Versions/A/Frameworks/vecLib.framework/Versions/A/libvDSP.dylib
0x000000000b754000 	/System/Library/Frameworks/Accelerate.framework/Versions/A/Frameworks/vecLib.framework/Versions/A/libvMisc.dylib
0x000000000b754000 	/System/Library/Frameworks/Accelerate.framework/Versions/A/Frameworks/vecLib.framework/Versions/A/libLAPACK.dylib
0x000000000b754000 	/System/Library/Frameworks/Accelerate.framework/Versions/A/Frameworks/vecLib.framework/Versions/A/libBLAS.dylib
0x000000000b754000 	/System/Library/Frameworks/Accelerate.framework/Versions/A/Frameworks/vecLib.framework/Versions/A/libLinearAlgebra.dylib
0x000000000b754000 	/System/Library/Frameworks/Accelerate.framework/Versions/A/Frameworks/vecLib.framework/Versions/A/libSparseBLAS.dylib
0x000000000b754000 	/System/Library/PrivateFrameworks/GPUCompiler.framework/libmetal_timestamp.dylib
0x000000000b754000 	/System/Library/Frameworks/OpenGL.framework/Versions/A/Libraries/libCoreFSCache.dylib
0x000000000b754000 	/System/Library/PrivateFrameworks/IOAccelerator.framework/Versions/A/IOAccelerator
0x000000000b754000 	/System/Library/Frameworks/ApplicationServices.framework/Versions/A/Frameworks/ATS.framework/Versions/A/Resources/libFontParser.dylib
0x000000000b754000 	/System/Library/Frameworks/ApplicationServices.framework/Versions/A/Frameworks/ATS.framework/Versions/A/Resources/libFontRegistry.dylib
0x000000000b754000 	/System/Library/PrivateFrameworks/AppleVPA.framework/Versions/A/AppleVPA
0x000000000b754000 	/System/Library/PrivateFrameworks/AppleJPEG.framework/Versions/A/AppleJPEG
0x000000000b754000 	/System/Library/Frameworks/ImageIO.framework/Versions/A/Resources/libJPEG.dylib
0x000000000b754000 	/System/Library/Frameworks/ImageIO.framework/Versions/A/Resources/libTIFF.dylib
0x000000000b754000 	/System/Library/Frameworks/ImageIO.framework/Versions/A/Resources/libPng.dylib
0x000000000b754000 	/System/Library/Frameworks/ImageIO.framework/Versions/A/Resources/libGIF.dylib
0x000000000b754000 	/System/Library/Frameworks/ImageIO.framework/Versions/A/Resources/libJP2.dylib
0x000000000b754000 	/System/Library/Frameworks/ImageIO.framework/Versions/A/Resources/libRadiance.dylib
0x000000000b754000 	/System/Library/Frameworks/CoreVideo.framework/Versions/A/CoreVideo
0x000000000b754000 	/System/Library/Frameworks/OpenGL.framework/Versions/A/Libraries/libGLU.dylib
0x000000000b754000 	/System/Library/Frameworks/OpenGL.framework/Versions/A/Libraries/libGFXShared.dylib
0x000000000b754000 	/System/Library/Frameworks/OpenGL.framework/Versions/A/Libraries/libGL.dylib
0x000000000b754000 	/System/Library/Frameworks/OpenGL.framework/Versions/A/Libraries/libGLImage.dylib
0x000000000b754000 	/System/Library/Frameworks/OpenGL.framework/Versions/A/Libraries/libCVMSPluginSupport.dylib
0x000000000b754000 	/System/Library/Frameworks/OpenGL.framework/Versions/A/Libraries/libCoreVMClient.dylib
0x000000000b754000 	/usr/lib/libcompression.dylib
0x000000000b754000 	/usr/lib/libcups.2.dylib
0x000000000b754000 	/System/Library/Frameworks/Kerberos.framework/Versions/A/Kerberos
0x000000000b754000 	/System/Library/Frameworks/GSS.framework/Versions/A/GSS
0x000000000b754000 	/usr/lib/libresolv.9.dylib
0x000000000b754000 	/usr/lib/libiconv.2.dylib
0x000000000b754000 	/System/Library/PrivateFrameworks/Heimdal.framework/Versions/A/Heimdal
0x000000000b754000 	/usr/lib/libheimdal-asn1.dylib
0x000000000b754000 	/System/Library/Frameworks/OpenDirectory.framework/Versions/A/OpenDirectory
0x000000000b754000 	/System/Library/PrivateFrameworks/CommonAuth.framework/Versions/A/CommonAuth
0x000000000b754000 	/System/Library/Frameworks/OpenDirectory.framework/Versions/A/Frameworks/CFOpenDirectory.framework/Versions/A/CFOpenDirectory
0x000000000b754000 	/System/Library/Frameworks/SecurityFoundation.framework/Versions/A/SecurityFoundation
0x000000000b754000 	/System/Library/PrivateFrameworks/LanguageModeling.framework/Versions/A/LanguageModeling
0x000000000b754000 	/usr/lib/libmarisa.dylib
0x000000000b754000 	/usr/lib/libChineseTokenizer.dylib
0x000000000b754000 	/usr/lib/libcmph.dylib
0x000000000b754000 	/System/Library/Frameworks/ServiceManagement.framework/Versions/A/ServiceManagement
0x000000000b754000 	/usr/lib/libxslt.1.dylib
0x000000000b754000 	/System/Library/Frameworks/Carbon.framework/Versions/A/Frameworks/Ink.framework/Versions/A/Ink
0x000000000b754000 	/usr/lib/libFosl_dynamic.dylib
0x000000000b754000 	/System/Library/PrivateFrameworks/FaceCore.framework/Versions/A/FaceCore
0x000000000b754000 	/System/Library/Frameworks/OpenCL.framework/Versions/A/OpenCL
0x000000000b754000 	/System/Library/PrivateFrameworks/CrashReporterSupport.framework/Versions/A/CrashReporterSupport
0x000000000b754000 	/System/Library/PrivateFrameworks/IconServices.framework/Versions/A/IconServices
0x000000000b754000 	/System/Library/PrivateFrameworks/Apple80211.framework/Versions/A/Apple80211
0x000000000b754000 	/System/Library/Frameworks/CoreWLAN.framework/Versions/A/CoreWLAN
0x000000000b754000 	/System/Library/Frameworks/IOBluetooth.framework/Versions/A/IOBluetooth
0x000000000b754000 	/System/Library/PrivateFrameworks/CoreWiFi.framework/Versions/A/CoreWiFi
0x000000000b754000 	/System/Library/Frameworks/CoreBluetooth.framework/Versions/A/CoreBluetooth
0x000000000b754000 	/System/Library/PrivateFrameworks/ChunkingLibrary.framework/Versions/A/ChunkingLibrary
0x000000000b754000 	/System/Library/PrivateFrameworks/DebugSymbols.framework/Versions/A/DebugSymbols
0x000000000b754000 	/System/Library/PrivateFrameworks/CoreSymbolication.framework/Versions/A/CoreSymbolication
0x000000000b754000 	/System/Library/PrivateFrameworks/Symbolication.framework/Versions/A/Symbolication
0x000000000b754000 	/System/Library/PrivateFrameworks/SpeechRecognitionCore.framework/Versions/A/SpeechRecognitionCore
0x0000000105200000 	/Library/Java/JavaVirtualMachines/jdk1.8.0_111.jdk/Contents/Home/jre/lib/server/libjvm.dylib
0x000000000b754000 	/usr/lib/libstdc++.6.dylib
0x0000000104125000 	/Library/Java/JavaVirtualMachines/jdk1.8.0_111.jdk/Contents/Home/jre/lib/libverify.dylib
0x0000000104133000 	/Library/Java/JavaVirtualMachines/jdk1.8.0_111.jdk/Contents/Home/jre/lib/libjava.dylib
0x0000000104169000 	/Library/Java/JavaVirtualMachines/jdk1.8.0_111.jdk/Contents/Home/jre/lib/libjdwp.dylib
0x00000001041b4000 	/Library/Java/JavaVirtualMachines/jdk1.8.0_111.jdk/Contents/Home/jre/lib/libnpt.dylib
0x00000001041c1000 	/Library/Java/JavaVirtualMachines/jdk1.8.0_111.jdk/Contents/Home/jre/lib/libzip.dylib
0x000000012122f000 	/System/Library/Frameworks/JavaVM.framework/Frameworks/JavaRuntimeSupport.framework/JavaRuntimeSupport
0x000000012124a000 	/System/Library/Frameworks/JavaVM.framework/Versions/A/Frameworks/JavaNativeFoundation.framework/Versions/A/JavaNativeFoundation
0x00000001041f3000 	/System/Library/Frameworks/JavaVM.framework/Versions/A/JavaVM
0x000000000b754000 	/System/Library/Frameworks/Carbon.framework/Versions/A/Carbon
0x000000012125f000 	/System/Library/PrivateFrameworks/JavaLaunching.framework/Versions/A/JavaLaunching
0x000000000b754000 	/System/Library/Frameworks/Carbon.framework/Versions/A/Frameworks/CommonPanels.framework/Versions/A/CommonPanels
0x000000000b754000 	/System/Library/Frameworks/Carbon.framework/Versions/A/Frameworks/Help.framework/Versions/A/Help
0x000000000b754000 	/System/Library/Frameworks/Carbon.framework/Versions/A/Frameworks/ImageCapture.framework/Versions/A/ImageCapture
0x000000000b754000 	/System/Library/Frameworks/Carbon.framework/Versions/A/Frameworks/OpenScripting.framework/Versions/A/OpenScripting
0x000000000b754000 	/System/Library/Frameworks/Carbon.framework/Versions/A/Frameworks/Print.framework/Versions/A/Print
0x000000000b754000 	/System/Library/Frameworks/Carbon.framework/Versions/A/Frameworks/SecurityHI.framework/Versions/A/SecurityHI
0x0000000122b82000 	/Library/Java/JavaVirtualMachines/jdk1.8.0_111.jdk/Contents/Home/jre/lib/libdt_socket.dylib
0x0000000122b89000 	/Library/Java/JavaVirtualMachines/jdk1.8.0_111.jdk/Contents/Home/jre/lib/libmanagement.dylib
0x0000000122b97000 	/Library/Java/JavaVirtualMachines/jdk1.8.0_111.jdk/Contents/Home/jre/lib/libnet.dylib
0x0000000122bf6000 	/Library/Java/JavaVirtualMachines/jdk1.8.0_111.jdk/Contents/Home/jre/lib/libnio.dylib

VM Arguments:
jvm_args: -agentlib:jdwp=transport=dt_socket,suspend=y,address=localhost:54844 -Dcom.sun.management.jmxremote -Dcom.sun.management.jmxremote.port=54843 -Dcom.sun.management.jmxremote.authenticate=false -Dcom.sun.management.jmxremote.ssl=false -Djava.rmi.server.hostname=localhost -Dspring.liveBeansView.mbeanDomain -Dspring.application.admin.enabled=true -Djava.security.egd=file:/dev/./urandom -Xverify:none -XX:TieredStopAtLevel=1 -Dfile.encoding=UTF-8 
java_command: com.pdmweb.app.PdmwebApplication
java_class_path (initial): /Users/TymYjmac_Tom/Develop/GitHub/PDMWeb/target/classes:/Users/TymYjmac_Tom/Develop/Maven_repostory/m2/org/springframework/boot/spring-boot-starter-web/2.2.1.RELEASE/spring-boot-starter-web-2.2.1.RELEASE.jar:/Users/TymYjmac_Tom/Develop/Maven_repostory/m2/org/springframework/boot/spring-boot-starter/2.2.1.RELEASE/spring-boot-starter-2.2.1.RELEASE.jar:/Users/TymYjmac_Tom/Develop/Maven_repostory/m2/org/springframework/boot/spring-boot-autoconfigure/2.2.1.RELEASE/spring-boot-autoconfigure-2.2.1.RELEASE.jar:/Users/TymYjmac_Tom/Develop/Maven_repostory/m2/org/springframework/boot/spring-boot-starter-logging/2.2.1.RELEASE/spring-boot-starter-logging-2.2.1.RELEASE.jar:/Users/TymYjmac_Tom/Develop/Maven_repostory/m2/ch/qos/logback/logback-classic/1.2.3/logback-classic-1.2.3.jar:/Users/TymYjmac_Tom/Develop/Maven_repostory/m2/ch/qos/logback/logback-core/1.2.3/logback-core-1.2.3.jar:/Users/TymYjmac_Tom/Develop/Maven_repostory/m2/org/apache/logging/log4j/log4j-to-slf4j/2.12.1/log4j-to-slf4j-2.12.1.jar:/Users/TymYjmac_Tom/Develop/Maven_repostory/m2/org/apache/logging/log4j/log4j-api/2.12.1/log4j-api-2.12.1.jar:/Users/TymYjmac_Tom/Develop/Maven_repostory/m2/org/slf4j/jul-to-slf4j/1.7.29/jul-to-slf4j-1.7.29.jar:/Users/TymYjmac_Tom/Develop/Maven_repostory/m2/jakarta/annotation/jakarta.annotation-api/1.3.5/jakarta.annotation-api-1.3.5.jar:/Users/TymYjmac_Tom/Develop/Maven_repostory/m2/org/springframework/spring-core/5.2.1.RELEASE/spring-core-5.2.1.RELEASE.jar:/Users/TymYjmac_Tom/Develop/Maven_repostory/m2/org/springframework/spring-jcl/5.2.1.RELEASE/spring-jcl-5.2.1.RELEASE.jar:/Users/TymYjmac_Tom/Develop/Maven_repostory/m2/org/yaml/snakeyaml/1.25/snakeyaml-1.25.jar:/Users/TymYjmac_Tom/Develop/Maven_repostory/m2/org/springframework/boot/spring-boot-starter-json/2.2.1.RELEASE/spring-boot-starter-json-2.2.1.RELEASE.jar:/Users/TymYjmac_Tom/Develop/Maven_repostory/m2/com/fasterxml/jackson/core/jackson-databind/2.10.0/jackson-databind-2.10.0.jar:/Users/TymYjmac
Launcher Type: SUN_STANDARD

Environment Variables:
PATH=/usr/bin:/bin:/usr/sbin:/sbin
SHELL=/bin/zsh

Signal Handlers:
SIGSEGV: [libjvm.dylib+0x5b03ed], sa_mask[0]=11111111011111110111111111111111, sa_flags=SA_ONSTACK|SA_RESTART|SA_SIGINFO
SIGBUS: [libjvm.dylib+0x5b03ed], sa_mask[0]=11111111011111110111111111111111, sa_flags=SA_RESTART|SA_SIGINFO
SIGFPE: [libjvm.dylib+0x48711c], sa_mask[0]=11111111011111110111111111111111, sa_flags=SA_RESTART|SA_SIGINFO
SIGPIPE: [libjvm.dylib+0x48711c], sa_mask[0]=11111111011111110111111111111111, sa_flags=SA_RESTART|SA_SIGINFO
SIGXFSZ: [libjvm.dylib+0x48711c], sa_mask[0]=11111111011111110111111111111111, sa_flags=SA_RESTART|SA_SIGINFO
SIGILL: [libjvm.dylib+0x48711c], sa_mask[0]=11111111011111110111111111111111, sa_flags=SA_RESTART|SA_SIGINFO
SIGUSR1: SIG_DFL, sa_mask[0]=00000000000000000000000000000000, sa_flags=none
SIGUSR2: [libjvm.dylib+0x486c3a], sa_mask[0]=00100000000000000000000000000000, sa_flags=SA_RESTART|SA_SIGINFO
SIGHUP: [libjvm.dylib+0x485211], sa_mask[0]=11111111011111110111111111111111, sa_flags=SA_RESTART|SA_SIGINFO
SIGINT: [libjvm.dylib+0x485211], sa_mask[0]=11111111011111110111111111111111, sa_flags=SA_RESTART|SA_SIGINFO
SIGTERM: [libjvm.dylib+0x485211], sa_mask[0]=11111111011111110111111111111111, sa_flags=SA_RESTART|SA_SIGINFO
SIGQUIT: [libjvm.dylib+0x485211], sa_mask[0]=11111111011111110111111111111111, sa_flags=SA_RESTART|SA_SIGINFO


---------------  S Y S T E M  ---------------

OS:Bsduname:Darwin 15.6.0 Darwin Kernel Version 15.6.0: Thu Jun 21 20:07:40 PDT 2018; root:xnu-3248.73.11~1/RELEASE_X86_64 x86_64
rlimit: STACK 8192k, CORE 0k, NPROC 709, NOFILE 10240, AS infinity
load average:1.93 1.75 1.72

CPU:total 8 (4 cores per cpu, 2 threads per core) family 6 model 70 stepping 1, cmov, cx8, fxsr, mmx, sse, sse2, sse3, ssse3, sse4.1, sse4.2, popcnt, avx, avx2, aes, clmul, erms, lzcnt, ht, tsc, tscinvbit, bmi1, bmi2

Memory: 4k page, physical 16777216k(542432k free)

/proc/meminfo:


vm_info: Java HotSpot(TM) 64-Bit Server VM (25.111-b14) for bsd-amd64 JRE (1.8.0_111-b14), built on Sep 22 2016 15:31:41 by "java_re" with gcc 4.2.1 (Based on Apple Inc. build 5658) (LLVM build 2336.11.00)

time: Wed Apr 22 23:30:26 2020
elapsed time: 205 seconds (0d 0h 3m 25s)

