2020-04-22 21:18:20 INFO  main cc.mrbird.febs.FebsApplication Starting FebsApplication on tymymac with PID 3163 (/Users/TymYjmac_Tom/Develop/GitHub/PDMWeb/target/classes started by TymYjmac_Tom in /Users/TymYjmac_Tom/Develop/GitHub/PDMWeb)
2020-04-22 21:18:20 INFO  main cc.mrbird.febs.FebsApplication No active profile set, falling back to default profiles: default
2020-04-22 21:18:20 INFO  main org.springframework.boot.web.servlet.context.AnnotationConfigServletWebServerApplicationContext Refreshing org.springframework.boot.web.servlet.context.AnnotationConfigServletWebServerApplicationContext@68044f4: startup date [Wed Apr 22 21:18:20 CST 2020]; root of context hierarchy
2020-04-22 21:18:20 INFO  main org.springframework.data.repository.config.RepositoryConfigurationDelegate Multiple Spring Data modules found, entering strict repository configuration mode!
2020-04-22 21:18:21 INFO  main org.springframework.context.support.PostProcessorRegistrationDelegate$BeanPostProcessorChecker Bean 'org.springframework.boot.context.properties.ConversionServiceDeducer$Factory' of type [org.springframework.boot.context.properties.ConversionServiceDeducer$Factory] is not eligible for getting processed by all BeanPostProcessors (for example: not eligible for auto-proxying)
2020-04-22 21:18:21 INFO  main org.springframework.context.support.PostProcessorRegistrationDelegate$BeanPostProcessorChecker Bean 'spring.datasource.dynamic-com.baomidou.dynamic.datasource.spring.boot.autoconfigure.DynamicDataSourceProperties' of type [com.baomidou.dynamic.datasource.spring.boot.autoconfigure.DynamicDataSourceProperties] is not eligible for getting processed by all BeanPostProcessors (for example: not eligible for auto-proxying)
2020-04-22 21:18:21 INFO  main org.springframework.context.support.PostProcessorRegistrationDelegate$BeanPostProcessorChecker Bean 'com.baomidou.dynamic.datasource.spring.boot.autoconfigure.DynamicDataSourceAutoConfiguration' of type [com.baomidou.dynamic.datasource.spring.boot.autoconfigure.DynamicDataSourceAutoConfiguration$$EnhancerBySpringCGLIB$$1c4681c2] is not eligible for getting processed by all BeanPostProcessors (for example: not eligible for auto-proxying)
2020-04-22 21:18:21 INFO  main org.springframework.context.support.PostProcessorRegistrationDelegate$BeanPostProcessorChecker Bean 'dsProcessor' of type [com.baomidou.dynamic.datasource.processor.DsHeaderProcessor] is not eligible for getting processed by all BeanPostProcessors (for example: not eligible for auto-proxying)
2020-04-22 21:18:21 INFO  main org.springframework.context.support.PostProcessorRegistrationDelegate$BeanPostProcessorChecker Bean 'dynamicDatasourceAnnotationAdvisor' of type [com.baomidou.dynamic.datasource.aop.DynamicDataSourceAnnotationAdvisor] is not eligible for getting processed by all BeanPostProcessors (for example: not eligible for auto-proxying)
2020-04-22 21:18:21 INFO  main org.springframework.context.support.PostProcessorRegistrationDelegate$BeanPostProcessorChecker Bean 'org.springframework.transaction.annotation.ProxyTransactionManagementConfiguration' of type [org.springframework.transaction.annotation.ProxyTransactionManagementConfiguration$$EnhancerBySpringCGLIB$$b2b810f1] is not eligible for getting processed by all BeanPostProcessors (for example: not eligible for auto-proxying)
2020-04-22 21:18:22 INFO  main org.springframework.boot.web.embedded.tomcat.TomcatWebServer Tomcat initialized with port(s): 8099 (http)
2020-04-22 21:18:22 INFO  main org.apache.coyote.http11.Http11NioProtocol Initializing ProtocolHandler ["http-nio-8099"]
2020-04-22 21:18:22 INFO  main org.apache.catalina.core.StandardService Starting service [Tomcat]
2020-04-22 21:18:22 INFO  main org.apache.catalina.core.StandardEngine Starting Servlet Engine: Apache Tomcat/8.5.28
2020-04-22 21:18:22 INFO  localhost-startStop-1 org.apache.catalina.core.AprLifecycleListener The APR based Apache Tomcat Native library which allows optimal performance in production environments was not found on the java.library.path: [/Users/TymYjmac_Tom/Library/Java/Extensions:/Library/Java/Extensions:/Network/Library/Java/Extensions:/System/Library/Java/Extensions:/usr/lib/java:.]
2020-04-22 21:18:22 INFO  localhost-startStop-1 org.apache.catalina.core.ContainerBase.[Tomcat].[localhost].[/] Initializing Spring embedded WebApplicationContext
2020-04-22 21:18:22 INFO  localhost-startStop-1 org.springframework.web.context.ContextLoader Root WebApplicationContext: initialization completed in 2037 ms
2020-04-22 21:18:22 INFO  main org.springframework.boot.autoconfigure.logging.ConditionEvaluationReportLoggingListener 

Error starting ApplicationContext. To display the conditions report re-run your application with 'debug' enabled.
2020-04-22 21:19:00 INFO  main cc.mrbird.febs.FebsApplication Starting FebsApplication on tymymac with PID 3181 (/Users/TymYjmac_Tom/Develop/GitHub/PDMWeb/target/classes started by TymYjmac_Tom in /Users/TymYjmac_Tom/Develop/GitHub/PDMWeb)
2020-04-22 21:19:00 INFO  main cc.mrbird.febs.FebsApplication No active profile set, falling back to default profiles: default
2020-04-22 21:19:01 INFO  main org.springframework.data.repository.config.RepositoryConfigurationDelegate Multiple Spring Data modules found, entering strict repository configuration mode!
2020-04-22 21:19:01 INFO  main org.springframework.data.repository.config.RepositoryConfigurationDelegate Bootstrapping Spring Data repositories in DEFAULT mode.
2020-04-22 21:19:01 INFO  main org.springframework.data.repository.config.RepositoryConfigurationDelegate Finished Spring Data repository scanning in 17ms. Found 0 repository interfaces.
2020-04-22 21:19:01 INFO  main org.springframework.context.support.PostProcessorRegistrationDelegate$BeanPostProcessorChecker Bean 'spring.datasource.dynamic-com.baomidou.dynamic.datasource.spring.boot.autoconfigure.DynamicDataSourceProperties' of type [com.baomidou.dynamic.datasource.spring.boot.autoconfigure.DynamicDataSourceProperties] is not eligible for getting processed by all BeanPostProcessors (for example: not eligible for auto-proxying)
2020-04-22 21:19:02 INFO  main org.springframework.context.support.PostProcessorRegistrationDelegate$BeanPostProcessorChecker Bean 'com.baomidou.dynamic.datasource.spring.boot.autoconfigure.DynamicDataSourceAutoConfiguration' of type [com.baomidou.dynamic.datasource.spring.boot.autoconfigure.DynamicDataSourceAutoConfiguration$$EnhancerBySpringCGLIB$$5228474d] is not eligible for getting processed by all BeanPostProcessors (for example: not eligible for auto-proxying)
2020-04-22 21:19:02 INFO  main org.springframework.context.support.PostProcessorRegistrationDelegate$BeanPostProcessorChecker Bean 'dsProcessor' of type [com.baomidou.dynamic.datasource.processor.DsHeaderProcessor] is not eligible for getting processed by all BeanPostProcessors (for example: not eligible for auto-proxying)
2020-04-22 21:19:02 INFO  main org.springframework.context.support.PostProcessorRegistrationDelegate$BeanPostProcessorChecker Bean 'dynamicDatasourceAnnotationAdvisor' of type [com.baomidou.dynamic.datasource.aop.DynamicDataSourceAnnotationAdvisor] is not eligible for getting processed by all BeanPostProcessors (for example: not eligible for auto-proxying)
2020-04-22 21:19:02 INFO  main org.springframework.context.support.PostProcessorRegistrationDelegate$BeanPostProcessorChecker Bean 'org.springframework.transaction.annotation.ProxyTransactionManagementConfiguration' of type [org.springframework.transaction.annotation.ProxyTransactionManagementConfiguration] is not eligible for getting processed by all BeanPostProcessors (for example: not eligible for auto-proxying)
2020-04-22 21:19:02 INFO  main org.springframework.boot.web.embedded.tomcat.TomcatWebServer Tomcat initialized with port(s): 8099 (http)
2020-04-22 21:19:02 INFO  main org.apache.coyote.http11.Http11NioProtocol Initializing ProtocolHandler ["http-nio-8099"]
2020-04-22 21:19:02 INFO  main org.apache.catalina.core.StandardService Starting service [Tomcat]
2020-04-22 21:19:02 INFO  main org.apache.catalina.core.StandardEngine Starting Servlet engine: [Apache Tomcat/9.0.27]
2020-04-22 21:19:02 INFO  main org.apache.catalina.core.ContainerBase.[Tomcat].[localhost].[/] Initializing Spring embedded WebApplicationContext
2020-04-22 21:19:02 INFO  main org.springframework.web.context.ContextLoader Root WebApplicationContext: initialization completed in 1728 ms
2020-04-22 21:19:02 INFO  main org.apache.catalina.core.StandardService Stopping service [Tomcat]
2020-04-22 21:19:02 INFO  main org.springframework.boot.autoconfigure.logging.ConditionEvaluationReportLoggingListener 

Error starting ApplicationContext. To display the conditions report re-run your application with 'debug' enabled.
2020-04-22 21:38:36 INFO  main cc.mrbird.febs.FebsApplication Starting FebsApplication on tymymac with PID 3412 (/Users/TymYjmac_Tom/Develop/GitHub/PDMWeb/target/classes started by TymYjmac_Tom in /Users/TymYjmac_Tom/Develop/GitHub/PDMWeb)
2020-04-22 21:38:36 INFO  main cc.mrbird.febs.FebsApplication No active profile set, falling back to default profiles: default
2020-04-22 21:38:36 INFO  main cc.mrbird.febs.FebsApplication Starting FebsApplication on tymymac with PID 3413 (/Users/TymYjmac_Tom/Develop/GitHub/PDMWeb/target/classes started by TymYjmac_Tom in /Users/TymYjmac_Tom/Develop/GitHub/PDMWeb)
2020-04-22 21:38:36 INFO  main cc.mrbird.febs.FebsApplication No active profile set, falling back to default profiles: default
2020-04-22 21:38:37 INFO  main org.springframework.data.repository.config.RepositoryConfigurationDelegate Multiple Spring Data modules found, entering strict repository configuration mode!
2020-04-22 21:38:37 INFO  main org.springframework.data.repository.config.RepositoryConfigurationDelegate Bootstrapping Spring Data repositories in DEFAULT mode.
2020-04-22 21:38:37 INFO  main org.springframework.data.repository.config.RepositoryConfigurationDelegate Finished Spring Data repository scanning in 14ms. Found 0 repository interfaces.
2020-04-22 21:38:37 INFO  main org.springframework.data.repository.config.RepositoryConfigurationDelegate Multiple Spring Data modules found, entering strict repository configuration mode!
2020-04-22 21:38:37 INFO  main org.springframework.data.repository.config.RepositoryConfigurationDelegate Bootstrapping Spring Data repositories in DEFAULT mode.
2020-04-22 21:38:37 INFO  main org.springframework.data.repository.config.RepositoryConfigurationDelegate Finished Spring Data repository scanning in 15ms. Found 0 repository interfaces.
2020-04-22 21:38:37 INFO  main org.springframework.context.support.PostProcessorRegistrationDelegate$BeanPostProcessorChecker Bean 'spring.datasource.dynamic-com.baomidou.dynamic.datasource.spring.boot.autoconfigure.DynamicDataSourceProperties' of type [com.baomidou.dynamic.datasource.spring.boot.autoconfigure.DynamicDataSourceProperties] is not eligible for getting processed by all BeanPostProcessors (for example: not eligible for auto-proxying)
2020-04-22 21:38:37 INFO  main org.springframework.context.support.PostProcessorRegistrationDelegate$BeanPostProcessorChecker Bean 'com.baomidou.dynamic.datasource.spring.boot.autoconfigure.DynamicDataSourceAutoConfiguration' of type [com.baomidou.dynamic.datasource.spring.boot.autoconfigure.DynamicDataSourceAutoConfiguration$$EnhancerBySpringCGLIB$$e382daef] is not eligible for getting processed by all BeanPostProcessors (for example: not eligible for auto-proxying)
2020-04-22 21:38:37 INFO  main org.springframework.context.support.PostProcessorRegistrationDelegate$BeanPostProcessorChecker Bean 'dsProcessor' of type [com.baomidou.dynamic.datasource.processor.DsHeaderProcessor] is not eligible for getting processed by all BeanPostProcessors (for example: not eligible for auto-proxying)
2020-04-22 21:38:37 INFO  main org.springframework.context.support.PostProcessorRegistrationDelegate$BeanPostProcessorChecker Bean 'dynamicDatasourceAnnotationAdvisor' of type [com.baomidou.dynamic.datasource.aop.DynamicDataSourceAnnotationAdvisor] is not eligible for getting processed by all BeanPostProcessors (for example: not eligible for auto-proxying)
2020-04-22 21:38:37 INFO  main org.springframework.context.support.PostProcessorRegistrationDelegate$BeanPostProcessorChecker Bean 'org.springframework.transaction.annotation.ProxyTransactionManagementConfiguration' of type [org.springframework.transaction.annotation.ProxyTransactionManagementConfiguration] is not eligible for getting processed by all BeanPostProcessors (for example: not eligible for auto-proxying)
2020-04-22 21:38:37 INFO  main org.springframework.boot.web.embedded.tomcat.TomcatWebServer Tomcat initialized with port(s): 8099 (http)
2020-04-22 21:38:37 INFO  main org.apache.coyote.http11.Http11NioProtocol Initializing ProtocolHandler ["http-nio-8099"]
2020-04-22 21:38:37 INFO  main org.apache.catalina.core.StandardService Starting service [Tomcat]
2020-04-22 21:38:37 INFO  main org.apache.catalina.core.StandardEngine Starting Servlet engine: [Apache Tomcat/9.0.27]
2020-04-22 21:38:37 INFO  main org.springframework.context.support.PostProcessorRegistrationDelegate$BeanPostProcessorChecker Bean 'spring.datasource.dynamic-com.baomidou.dynamic.datasource.spring.boot.autoconfigure.DynamicDataSourceProperties' of type [com.baomidou.dynamic.datasource.spring.boot.autoconfigure.DynamicDataSourceProperties] is not eligible for getting processed by all BeanPostProcessors (for example: not eligible for auto-proxying)
2020-04-22 21:38:37 INFO  main org.springframework.context.support.PostProcessorRegistrationDelegate$BeanPostProcessorChecker Bean 'com.baomidou.dynamic.datasource.spring.boot.autoconfigure.DynamicDataSourceAutoConfiguration' of type [com.baomidou.dynamic.datasource.spring.boot.autoconfigure.DynamicDataSourceAutoConfiguration$$EnhancerBySpringCGLIB$$71a12eac] is not eligible for getting processed by all BeanPostProcessors (for example: not eligible for auto-proxying)
2020-04-22 21:38:37 INFO  main org.apache.catalina.core.ContainerBase.[Tomcat].[localhost].[/] Initializing Spring embedded WebApplicationContext
2020-04-22 21:38:37 INFO  main org.springframework.web.context.ContextLoader Root WebApplicationContext: initialization completed in 1466 ms
2020-04-22 21:38:37 INFO  main org.springframework.context.support.PostProcessorRegistrationDelegate$BeanPostProcessorChecker Bean 'dsProcessor' of type [com.baomidou.dynamic.datasource.processor.DsHeaderProcessor] is not eligible for getting processed by all BeanPostProcessors (for example: not eligible for auto-proxying)
2020-04-22 21:38:37 INFO  main org.springframework.context.support.PostProcessorRegistrationDelegate$BeanPostProcessorChecker Bean 'dynamicDatasourceAnnotationAdvisor' of type [com.baomidou.dynamic.datasource.aop.DynamicDataSourceAnnotationAdvisor] is not eligible for getting processed by all BeanPostProcessors (for example: not eligible for auto-proxying)
2020-04-22 21:38:37 INFO  main org.springframework.context.support.PostProcessorRegistrationDelegate$BeanPostProcessorChecker Bean 'org.springframework.transaction.annotation.ProxyTransactionManagementConfiguration' of type [org.springframework.transaction.annotation.ProxyTransactionManagementConfiguration] is not eligible for getting processed by all BeanPostProcessors (for example: not eligible for auto-proxying)
2020-04-22 21:38:38 INFO  main org.apache.catalina.core.StandardService Stopping service [Tomcat]
2020-04-22 21:38:38 INFO  main org.springframework.boot.autoconfigure.logging.ConditionEvaluationReportLoggingListener 

Error starting ApplicationContext. To display the conditions report re-run your application with 'debug' enabled.
2020-04-22 21:38:38 INFO  main org.springframework.boot.web.embedded.tomcat.TomcatWebServer Tomcat initialized with port(s): 8099 (http)
2020-04-22 21:38:38 INFO  main org.apache.coyote.http11.Http11NioProtocol Initializing ProtocolHandler ["http-nio-8099"]
2020-04-22 21:38:38 INFO  main org.apache.catalina.core.StandardService Starting service [Tomcat]
2020-04-22 21:38:38 INFO  main org.apache.catalina.core.StandardEngine Starting Servlet engine: [Apache Tomcat/9.0.27]
2020-04-22 21:38:38 INFO  main org.apache.catalina.core.ContainerBase.[Tomcat].[localhost].[/] Initializing Spring embedded WebApplicationContext
2020-04-22 21:38:38 INFO  main org.springframework.web.context.ContextLoader Root WebApplicationContext: initialization completed in 1692 ms
2020-04-22 21:38:38 INFO  main org.apache.catalina.core.StandardService Stopping service [Tomcat]
2020-04-22 21:38:38 INFO  main org.springframework.boot.autoconfigure.logging.ConditionEvaluationReportLoggingListener 

Error starting ApplicationContext. To display the conditions report re-run your application with 'debug' enabled.
2020-04-22 21:39:04 INFO  main cc.mrbird.febs.FebsApplication Starting FebsApplication on tymymac with PID 3446 (/Users/TymYjmac_Tom/Develop/GitHub/PDMWeb/target/classes started by TymYjmac_Tom in /Users/TymYjmac_Tom/Develop/GitHub/PDMWeb)
2020-04-22 21:39:04 INFO  main cc.mrbird.febs.FebsApplication No active profile set, falling back to default profiles: default
2020-04-22 21:39:05 INFO  main org.springframework.data.repository.config.RepositoryConfigurationDelegate Multiple Spring Data modules found, entering strict repository configuration mode!
2020-04-22 21:39:05 INFO  main org.springframework.data.repository.config.RepositoryConfigurationDelegate Bootstrapping Spring Data repositories in DEFAULT mode.
2020-04-22 21:39:05 INFO  main org.springframework.data.repository.config.RepositoryConfigurationDelegate Finished Spring Data repository scanning in 18ms. Found 0 repository interfaces.
2020-04-22 21:39:05 INFO  main org.springframework.context.support.PostProcessorRegistrationDelegate$BeanPostProcessorChecker Bean 'spring.datasource.dynamic-com.baomidou.dynamic.datasource.spring.boot.autoconfigure.DynamicDataSourceProperties' of type [com.baomidou.dynamic.datasource.spring.boot.autoconfigure.DynamicDataSourceProperties] is not eligible for getting processed by all BeanPostProcessors (for example: not eligible for auto-proxying)
2020-04-22 21:39:05 INFO  main org.springframework.context.support.PostProcessorRegistrationDelegate$BeanPostProcessorChecker Bean 'com.baomidou.dynamic.datasource.spring.boot.autoconfigure.DynamicDataSourceAutoConfiguration' of type [com.baomidou.dynamic.datasource.spring.boot.autoconfigure.DynamicDataSourceAutoConfiguration$$EnhancerBySpringCGLIB$$82606e72] is not eligible for getting processed by all BeanPostProcessors (for example: not eligible for auto-proxying)
2020-04-22 21:39:06 INFO  main org.springframework.context.support.PostProcessorRegistrationDelegate$BeanPostProcessorChecker Bean 'dsProcessor' of type [com.baomidou.dynamic.datasource.processor.DsHeaderProcessor] is not eligible for getting processed by all BeanPostProcessors (for example: not eligible for auto-proxying)
2020-04-22 21:39:06 INFO  main org.springframework.context.support.PostProcessorRegistrationDelegate$BeanPostProcessorChecker Bean 'dynamicDatasourceAnnotationAdvisor' of type [com.baomidou.dynamic.datasource.aop.DynamicDataSourceAnnotationAdvisor] is not eligible for getting processed by all BeanPostProcessors (for example: not eligible for auto-proxying)
2020-04-22 21:39:06 INFO  main org.springframework.context.support.PostProcessorRegistrationDelegate$BeanPostProcessorChecker Bean 'org.springframework.transaction.annotation.ProxyTransactionManagementConfiguration' of type [org.springframework.transaction.annotation.ProxyTransactionManagementConfiguration] is not eligible for getting processed by all BeanPostProcessors (for example: not eligible for auto-proxying)
2020-04-22 21:39:06 INFO  main org.springframework.boot.web.embedded.tomcat.TomcatWebServer Tomcat initialized with port(s): 8099 (http)
2020-04-22 21:39:06 INFO  main org.apache.coyote.http11.Http11NioProtocol Initializing ProtocolHandler ["http-nio-8099"]
2020-04-22 21:39:06 INFO  main org.apache.catalina.core.StandardService Starting service [Tomcat]
2020-04-22 21:39:06 INFO  main org.apache.catalina.core.StandardEngine Starting Servlet engine: [Apache Tomcat/9.0.27]
2020-04-22 21:39:06 INFO  main org.apache.catalina.core.ContainerBase.[Tomcat].[localhost].[/] Initializing Spring embedded WebApplicationContext
2020-04-22 21:39:06 INFO  main org.springframework.web.context.ContextLoader Root WebApplicationContext: initialization completed in 1589 ms
2020-04-22 21:39:06 INFO  main org.apache.catalina.core.StandardService Stopping service [Tomcat]
2020-04-22 21:39:06 INFO  main org.springframework.boot.autoconfigure.logging.ConditionEvaluationReportLoggingListener 

Error starting ApplicationContext. To display the conditions report re-run your application with 'debug' enabled.
2020-04-22 21:44:42 INFO  main cc.mrbird.febs.FebsApplication Starting FebsApplication on tymymac with PID 3550 (/Users/TymYjmac_Tom/Develop/GitHub/PDMWeb/target/classes started by TymYjmac_Tom in /Users/TymYjmac_Tom/Develop/GitHub/PDMWeb)
2020-04-22 21:44:42 INFO  main cc.mrbird.febs.FebsApplication No active profile set, falling back to default profiles: default
2020-04-22 21:44:43 INFO  main org.springframework.data.repository.config.RepositoryConfigurationDelegate Multiple Spring Data modules found, entering strict repository configuration mode!
2020-04-22 21:44:43 INFO  main org.springframework.data.repository.config.RepositoryConfigurationDelegate Bootstrapping Spring Data repositories in DEFAULT mode.
2020-04-22 21:44:43 INFO  main org.springframework.data.repository.config.RepositoryConfigurationDelegate Finished Spring Data repository scanning in 30ms. Found 0 repository interfaces.
2020-04-22 21:44:44 INFO  main org.springframework.context.support.PostProcessorRegistrationDelegate$BeanPostProcessorChecker Bean 'spring.datasource.dynamic-com.baomidou.dynamic.datasource.spring.boot.autoconfigure.DynamicDataSourceProperties' of type [com.baomidou.dynamic.datasource.spring.boot.autoconfigure.DynamicDataSourceProperties] is not eligible for getting processed by all BeanPostProcessors (for example: not eligible for auto-proxying)
2020-04-22 21:44:44 INFO  main org.springframework.context.support.PostProcessorRegistrationDelegate$BeanPostProcessorChecker Bean 'com.baomidou.dynamic.datasource.spring.boot.autoconfigure.DynamicDataSourceAutoConfiguration' of type [com.baomidou.dynamic.datasource.spring.boot.autoconfigure.DynamicDataSourceAutoConfiguration$$EnhancerBySpringCGLIB$$4f6b6992] is not eligible for getting processed by all BeanPostProcessors (for example: not eligible for auto-proxying)
2020-04-22 21:44:44 INFO  main org.springframework.context.support.PostProcessorRegistrationDelegate$BeanPostProcessorChecker Bean 'dsProcessor' of type [com.baomidou.dynamic.datasource.processor.DsHeaderProcessor] is not eligible for getting processed by all BeanPostProcessors (for example: not eligible for auto-proxying)
2020-04-22 21:44:44 INFO  main org.springframework.context.support.PostProcessorRegistrationDelegate$BeanPostProcessorChecker Bean 'dynamicDatasourceAnnotationAdvisor' of type [com.baomidou.dynamic.datasource.aop.DynamicDataSourceAnnotationAdvisor] is not eligible for getting processed by all BeanPostProcessors (for example: not eligible for auto-proxying)
2020-04-22 21:44:44 INFO  main org.springframework.context.support.PostProcessorRegistrationDelegate$BeanPostProcessorChecker Bean 'org.springframework.transaction.annotation.ProxyTransactionManagementConfiguration' of type [org.springframework.transaction.annotation.ProxyTransactionManagementConfiguration] is not eligible for getting processed by all BeanPostProcessors (for example: not eligible for auto-proxying)
2020-04-22 21:44:44 INFO  main org.springframework.boot.web.embedded.tomcat.TomcatWebServer Tomcat initialized with port(s): 8099 (http)
2020-04-22 21:44:44 INFO  main org.apache.coyote.http11.Http11NioProtocol Initializing ProtocolHandler ["http-nio-8099"]
2020-04-22 21:44:44 INFO  main org.apache.catalina.core.StandardService Starting service [Tomcat]
2020-04-22 21:44:44 INFO  main org.apache.catalina.core.StandardEngine Starting Servlet engine: [Apache Tomcat/9.0.27]
2020-04-22 21:44:44 INFO  main org.apache.catalina.core.ContainerBase.[Tomcat].[localhost].[/] Initializing Spring embedded WebApplicationContext
2020-04-22 21:44:44 INFO  main org.springframework.web.context.ContextLoader Root WebApplicationContext: initialization completed in 1619 ms
2020-04-22 21:44:44 INFO  main org.apache.catalina.core.StandardService Stopping service [Tomcat]
2020-04-22 21:44:44 INFO  main org.springframework.boot.autoconfigure.logging.ConditionEvaluationReportLoggingListener 

Error starting ApplicationContext. To display the conditions report re-run your application with 'debug' enabled.
2020-04-22 21:52:13 INFO  main cc.mrbird.febs.FebsApplication Starting FebsApplication on tymymac with PID 3810 (/Users/TymYjmac_Tom/Develop/GitHub/PDMWeb/target/classes started by TymYjmac_Tom in /Users/TymYjmac_Tom/Develop/GitHub/PDMWeb)
2020-04-22 21:52:13 INFO  main cc.mrbird.febs.FebsApplication The following profiles are active: dev
2020-04-22 21:52:13 INFO  main org.springframework.data.repository.config.RepositoryConfigurationDelegate Multiple Spring Data modules found, entering strict repository configuration mode!
2020-04-22 21:52:13 INFO  main org.springframework.data.repository.config.RepositoryConfigurationDelegate Bootstrapping Spring Data repositories in DEFAULT mode.
2020-04-22 21:52:14 INFO  main org.springframework.data.repository.config.RepositoryConfigurationDelegate Finished Spring Data repository scanning in 16ms. Found 0 repository interfaces.
2020-04-22 21:52:14 INFO  main org.springframework.context.support.PostProcessorRegistrationDelegate$BeanPostProcessorChecker Bean 'spring.datasource.dynamic-com.baomidou.dynamic.datasource.spring.boot.autoconfigure.DynamicDataSourceProperties' of type [com.baomidou.dynamic.datasource.spring.boot.autoconfigure.DynamicDataSourceProperties] is not eligible for getting processed by all BeanPostProcessors (for example: not eligible for auto-proxying)
2020-04-22 21:52:14 INFO  main org.springframework.context.support.PostProcessorRegistrationDelegate$BeanPostProcessorChecker Bean 'com.baomidou.dynamic.datasource.spring.boot.autoconfigure.DynamicDataSourceAutoConfiguration' of type [com.baomidou.dynamic.datasource.spring.boot.autoconfigure.DynamicDataSourceAutoConfiguration$$EnhancerBySpringCGLIB$$94250fd8] is not eligible for getting processed by all BeanPostProcessors (for example: not eligible for auto-proxying)
2020-04-22 21:52:14 INFO  main org.springframework.context.support.PostProcessorRegistrationDelegate$BeanPostProcessorChecker Bean 'dsProcessor' of type [com.baomidou.dynamic.datasource.processor.DsHeaderProcessor] is not eligible for getting processed by all BeanPostProcessors (for example: not eligible for auto-proxying)
2020-04-22 21:52:14 INFO  main org.springframework.context.support.PostProcessorRegistrationDelegate$BeanPostProcessorChecker Bean 'dynamicDatasourceAnnotationAdvisor' of type [com.baomidou.dynamic.datasource.aop.DynamicDataSourceAnnotationAdvisor] is not eligible for getting processed by all BeanPostProcessors (for example: not eligible for auto-proxying)
2020-04-22 21:52:14 INFO  main org.springframework.context.support.PostProcessorRegistrationDelegate$BeanPostProcessorChecker Bean 'org.springframework.transaction.annotation.ProxyTransactionManagementConfiguration' of type [org.springframework.transaction.annotation.ProxyTransactionManagementConfiguration] is not eligible for getting processed by all BeanPostProcessors (for example: not eligible for auto-proxying)
2020-04-22 21:52:14 INFO  main org.springframework.boot.web.embedded.tomcat.TomcatWebServer Tomcat initialized with port(s): 8099 (http)
2020-04-22 21:52:14 INFO  main org.apache.coyote.http11.Http11NioProtocol Initializing ProtocolHandler ["http-nio-8099"]
2020-04-22 21:52:14 INFO  main org.apache.catalina.core.StandardService Starting service [Tomcat]
2020-04-22 21:52:14 INFO  main org.apache.catalina.core.StandardEngine Starting Servlet engine: [Apache Tomcat/9.0.27]
2020-04-22 21:52:14 INFO  main org.apache.catalina.core.ContainerBase.[Tomcat].[localhost].[/] Initializing Spring embedded WebApplicationContext
2020-04-22 21:52:14 INFO  main org.springframework.web.context.ContextLoader Root WebApplicationContext: initialization completed in 1594 ms
2020-04-22 21:52:15 INFO  main com.baomidou.dynamic.datasource.DynamicRoutingDataSource dynamic-datasource detect P6SPY plugin and enabled it
2020-04-22 21:52:15 INFO  main com.zaxxer.hikari.HikariDataSource base - Starting...
2020-04-22 21:52:15 INFO  main com.zaxxer.hikari.HikariDataSource base - Start completed.
2020-04-22 21:52:15 INFO  main com.baomidou.dynamic.datasource.DynamicRoutingDataSource dynamic-datasource - load a datasource named [base] success
2020-04-22 21:52:15 INFO  main com.baomidou.dynamic.datasource.DynamicRoutingDataSource dynamic-datasource initial loaded [1] datasource,primary datasource named [base]
2020-04-22 21:52:15 INFO  main cc.mrbird.febs.common.xss.XssFilter ------------ xss filter init ------------
2020-04-22 21:52:15 INFO  main org.springframework.beans.factory.annotation.AutowiredAnnotationBeanPostProcessor Autowired annotation should only be used on methods with parameters: public void cc.mrbird.febs.common.aspect.ControllerEndpointAspect.pointcut()
2020-04-22 21:52:15 INFO  main com.baomidou.dynamic.datasource.DynamicRoutingDataSource dynamic-datasource start closing ....
2020-04-22 21:52:15 INFO  main com.zaxxer.hikari.HikariDataSource base - Shutdown initiated...
2020-04-22 21:52:15 INFO  main com.zaxxer.hikari.HikariDataSource base - Shutdown completed.
2020-04-22 21:52:15 INFO  main com.baomidou.dynamic.datasource.DynamicRoutingDataSource dynamic-datasource all closed success,bye
2020-04-22 21:52:15 INFO  main org.apache.catalina.core.StandardService Stopping service [Tomcat]
2020-04-22 21:52:15 INFO  main org.springframework.boot.autoconfigure.logging.ConditionEvaluationReportLoggingListener 

Error starting ApplicationContext. To display the conditions report re-run your application with 'debug' enabled.
2020-04-22 21:55:12 INFO  main cc.mrbird.febs.FebsApplication Starting FebsApplication on tymymac with PID 3828 (/Users/TymYjmac_Tom/Develop/GitHub/PDMWeb/target/classes started by TymYjmac_Tom in /Users/TymYjmac_Tom/Develop/GitHub/PDMWeb)
2020-04-22 21:55:12 INFO  main cc.mrbird.febs.FebsApplication The following profiles are active: dev
2020-04-22 21:55:13 INFO  main org.springframework.data.repository.config.RepositoryConfigurationDelegate Multiple Spring Data modules found, entering strict repository configuration mode!
2020-04-22 21:55:13 INFO  main org.springframework.data.repository.config.RepositoryConfigurationDelegate Bootstrapping Spring Data repositories in DEFAULT mode.
2020-04-22 21:55:13 INFO  main org.springframework.data.repository.config.RepositoryConfigurationDelegate Finished Spring Data repository scanning in 15ms. Found 0 repository interfaces.
2020-04-22 21:55:13 INFO  main org.springframework.context.support.PostProcessorRegistrationDelegate$BeanPostProcessorChecker Bean 'spring.datasource.dynamic-com.baomidou.dynamic.datasource.spring.boot.autoconfigure.DynamicDataSourceProperties' of type [com.baomidou.dynamic.datasource.spring.boot.autoconfigure.DynamicDataSourceProperties] is not eligible for getting processed by all BeanPostProcessors (for example: not eligible for auto-proxying)
2020-04-22 21:55:13 INFO  main org.springframework.context.support.PostProcessorRegistrationDelegate$BeanPostProcessorChecker Bean 'com.baomidou.dynamic.datasource.spring.boot.autoconfigure.DynamicDataSourceAutoConfiguration' of type [com.baomidou.dynamic.datasource.spring.boot.autoconfigure.DynamicDataSourceAutoConfiguration$$EnhancerBySpringCGLIB$$7aaa38dc] is not eligible for getting processed by all BeanPostProcessors (for example: not eligible for auto-proxying)
2020-04-22 21:55:13 INFO  main org.springframework.context.support.PostProcessorRegistrationDelegate$BeanPostProcessorChecker Bean 'dsProcessor' of type [com.baomidou.dynamic.datasource.processor.DsHeaderProcessor] is not eligible for getting processed by all BeanPostProcessors (for example: not eligible for auto-proxying)
2020-04-22 21:55:13 INFO  main org.springframework.context.support.PostProcessorRegistrationDelegate$BeanPostProcessorChecker Bean 'dynamicDatasourceAnnotationAdvisor' of type [com.baomidou.dynamic.datasource.aop.DynamicDataSourceAnnotationAdvisor] is not eligible for getting processed by all BeanPostProcessors (for example: not eligible for auto-proxying)
2020-04-22 21:55:13 INFO  main org.springframework.context.support.PostProcessorRegistrationDelegate$BeanPostProcessorChecker Bean 'org.springframework.transaction.annotation.ProxyTransactionManagementConfiguration' of type [org.springframework.transaction.annotation.ProxyTransactionManagementConfiguration] is not eligible for getting processed by all BeanPostProcessors (for example: not eligible for auto-proxying)
2020-04-22 21:55:14 INFO  main org.springframework.boot.web.embedded.tomcat.TomcatWebServer Tomcat initialized with port(s): 8099 (http)
2020-04-22 21:55:14 INFO  main org.apache.coyote.http11.Http11NioProtocol Initializing ProtocolHandler ["http-nio-8099"]
2020-04-22 21:55:14 INFO  main org.apache.catalina.core.StandardService Starting service [Tomcat]
2020-04-22 21:55:14 INFO  main org.apache.catalina.core.StandardEngine Starting Servlet engine: [Apache Tomcat/9.0.27]
2020-04-22 21:55:14 INFO  main org.apache.catalina.core.ContainerBase.[Tomcat].[localhost].[/] Initializing Spring embedded WebApplicationContext
2020-04-22 21:55:14 INFO  main org.springframework.web.context.ContextLoader Root WebApplicationContext: initialization completed in 1577 ms
2020-04-22 21:55:14 INFO  main com.baomidou.dynamic.datasource.DynamicRoutingDataSource dynamic-datasource detect P6SPY plugin and enabled it
2020-04-22 21:55:14 INFO  main com.zaxxer.hikari.HikariDataSource base - Starting...
2020-04-22 21:55:14 INFO  main com.zaxxer.hikari.HikariDataSource base - Start completed.
2020-04-22 21:55:14 INFO  main com.baomidou.dynamic.datasource.DynamicRoutingDataSource dynamic-datasource - load a datasource named [base] success
2020-04-22 21:55:14 INFO  main com.baomidou.dynamic.datasource.DynamicRoutingDataSource dynamic-datasource initial loaded [1] datasource,primary datasource named [base]
2020-04-22 21:55:14 INFO  main cc.mrbird.febs.common.xss.XssFilter ------------ xss filter init ------------
2020-04-22 21:55:14 INFO  main org.springframework.beans.factory.annotation.AutowiredAnnotationBeanPostProcessor Autowired annotation should only be used on methods with parameters: public void cc.mrbird.febs.common.aspect.ControllerEndpointAspect.pointcut()
2020-04-22 21:55:14 INFO  main com.baomidou.dynamic.datasource.DynamicRoutingDataSource dynamic-datasource start closing ....
2020-04-22 21:55:14 INFO  main com.zaxxer.hikari.HikariDataSource base - Shutdown initiated...
2020-04-22 21:55:14 INFO  main com.zaxxer.hikari.HikariDataSource base - Shutdown completed.
2020-04-22 21:55:14 INFO  main com.baomidou.dynamic.datasource.DynamicRoutingDataSource dynamic-datasource all closed success,bye
2020-04-22 21:55:14 INFO  main org.apache.catalina.core.StandardService Stopping service [Tomcat]
2020-04-22 21:55:14 INFO  main org.springframework.boot.autoconfigure.logging.ConditionEvaluationReportLoggingListener 

Error starting ApplicationContext. To display the conditions report re-run your application with 'debug' enabled.
2020-04-22 21:55:33 INFO  main cc.mrbird.febs.FebsApplication Starting FebsApplication on tymymac with PID 3830 (/Users/TymYjmac_Tom/Develop/GitHub/PDMWeb/target/classes started by TymYjmac_Tom in /Users/TymYjmac_Tom/Develop/GitHub/PDMWeb)
2020-04-22 21:55:33 INFO  main cc.mrbird.febs.FebsApplication The following profiles are active: dev
2020-04-22 21:55:33 INFO  main org.springframework.data.repository.config.RepositoryConfigurationDelegate Multiple Spring Data modules found, entering strict repository configuration mode!
2020-04-22 21:55:33 INFO  main org.springframework.data.repository.config.RepositoryConfigurationDelegate Bootstrapping Spring Data repositories in DEFAULT mode.
2020-04-22 21:55:33 INFO  main org.springframework.data.repository.config.RepositoryConfigurationDelegate Finished Spring Data repository scanning in 15ms. Found 0 repository interfaces.
2020-04-22 21:55:34 INFO  main org.springframework.context.support.PostProcessorRegistrationDelegate$BeanPostProcessorChecker Bean 'spring.datasource.dynamic-com.baomidou.dynamic.datasource.spring.boot.autoconfigure.DynamicDataSourceProperties' of type [com.baomidou.dynamic.datasource.spring.boot.autoconfigure.DynamicDataSourceProperties] is not eligible for getting processed by all BeanPostProcessors (for example: not eligible for auto-proxying)
2020-04-22 21:55:34 INFO  main org.springframework.context.support.PostProcessorRegistrationDelegate$BeanPostProcessorChecker Bean 'com.baomidou.dynamic.datasource.spring.boot.autoconfigure.DynamicDataSourceAutoConfiguration' of type [com.baomidou.dynamic.datasource.spring.boot.autoconfigure.DynamicDataSourceAutoConfiguration$$EnhancerBySpringCGLIB$$7655c3fa] is not eligible for getting processed by all BeanPostProcessors (for example: not eligible for auto-proxying)
2020-04-22 21:55:34 INFO  main org.springframework.context.support.PostProcessorRegistrationDelegate$BeanPostProcessorChecker Bean 'dsProcessor' of type [com.baomidou.dynamic.datasource.processor.DsHeaderProcessor] is not eligible for getting processed by all BeanPostProcessors (for example: not eligible for auto-proxying)
2020-04-22 21:55:34 INFO  main org.springframework.context.support.PostProcessorRegistrationDelegate$BeanPostProcessorChecker Bean 'dynamicDatasourceAnnotationAdvisor' of type [com.baomidou.dynamic.datasource.aop.DynamicDataSourceAnnotationAdvisor] is not eligible for getting processed by all BeanPostProcessors (for example: not eligible for auto-proxying)
2020-04-22 21:55:34 INFO  main org.springframework.context.support.PostProcessorRegistrationDelegate$BeanPostProcessorChecker Bean 'org.springframework.transaction.annotation.ProxyTransactionManagementConfiguration' of type [org.springframework.transaction.annotation.ProxyTransactionManagementConfiguration] is not eligible for getting processed by all BeanPostProcessors (for example: not eligible for auto-proxying)
2020-04-22 21:55:34 INFO  main org.springframework.boot.web.embedded.tomcat.TomcatWebServer Tomcat initialized with port(s): 8099 (http)
2020-04-22 21:55:34 INFO  main org.apache.coyote.http11.Http11NioProtocol Initializing ProtocolHandler ["http-nio-8099"]
2020-04-22 21:55:34 INFO  main org.apache.catalina.core.StandardService Starting service [Tomcat]
2020-04-22 21:55:34 INFO  main org.apache.catalina.core.StandardEngine Starting Servlet engine: [Apache Tomcat/9.0.27]
2020-04-22 21:55:34 INFO  main org.apache.catalina.core.ContainerBase.[Tomcat].[localhost].[/] Initializing Spring embedded WebApplicationContext
2020-04-22 21:55:34 INFO  main org.springframework.web.context.ContextLoader Root WebApplicationContext: initialization completed in 1599 ms
2020-04-22 21:55:34 INFO  main com.baomidou.dynamic.datasource.DynamicRoutingDataSource dynamic-datasource detect P6SPY plugin and enabled it
2020-04-22 21:55:34 INFO  main com.zaxxer.hikari.HikariDataSource base - Starting...
2020-04-22 21:55:35 INFO  main com.zaxxer.hikari.HikariDataSource base - Start completed.
2020-04-22 21:55:35 INFO  main com.baomidou.dynamic.datasource.DynamicRoutingDataSource dynamic-datasource - load a datasource named [base] success
2020-04-22 21:55:35 INFO  main com.baomidou.dynamic.datasource.DynamicRoutingDataSource dynamic-datasource initial loaded [1] datasource,primary datasource named [base]
2020-04-22 21:55:35 INFO  main cc.mrbird.febs.common.xss.XssFilter ------------ xss filter init ------------
2020-04-22 21:55:35 INFO  main org.springframework.beans.factory.annotation.AutowiredAnnotationBeanPostProcessor Autowired annotation should only be used on methods with parameters: public void cc.mrbird.febs.common.aspect.ControllerEndpointAspect.pointcut()
2020-04-22 21:55:35 INFO  main com.baomidou.dynamic.datasource.DynamicRoutingDataSource dynamic-datasource start closing ....
2020-04-22 21:55:35 INFO  main com.zaxxer.hikari.HikariDataSource base - Shutdown initiated...
2020-04-22 21:55:35 INFO  main com.zaxxer.hikari.HikariDataSource base - Shutdown completed.
2020-04-22 21:55:35 INFO  main com.baomidou.dynamic.datasource.DynamicRoutingDataSource dynamic-datasource all closed success,bye
2020-04-22 21:55:35 INFO  main org.apache.catalina.core.StandardService Stopping service [Tomcat]
2020-04-22 21:55:35 INFO  main org.springframework.boot.autoconfigure.logging.ConditionEvaluationReportLoggingListener 

Error starting ApplicationContext. To display the conditions report re-run your application with 'debug' enabled.
2020-04-22 21:56:18 INFO  main cc.mrbird.febs.FebsApplication Starting FebsApplication on tymymac with PID 3831 (/Users/TymYjmac_Tom/Develop/GitHub/PDMWeb/target/classes started by TymYjmac_Tom in /Users/TymYjmac_Tom/Develop/GitHub/PDMWeb)
2020-04-22 21:56:18 INFO  main cc.mrbird.febs.FebsApplication The following profiles are active: dev
2020-04-22 21:56:19 INFO  main org.springframework.data.repository.config.RepositoryConfigurationDelegate Multiple Spring Data modules found, entering strict repository configuration mode!
2020-04-22 21:56:19 INFO  main org.springframework.data.repository.config.RepositoryConfigurationDelegate Bootstrapping Spring Data repositories in DEFAULT mode.
2020-04-22 21:56:19 INFO  main org.springframework.data.repository.config.RepositoryConfigurationDelegate Finished Spring Data repository scanning in 17ms. Found 0 repository interfaces.
2020-04-22 21:56:20 INFO  main org.springframework.context.support.PostProcessorRegistrationDelegate$BeanPostProcessorChecker Bean 'spring.datasource.dynamic-com.baomidou.dynamic.datasource.spring.boot.autoconfigure.DynamicDataSourceProperties' of type [com.baomidou.dynamic.datasource.spring.boot.autoconfigure.DynamicDataSourceProperties] is not eligible for getting processed by all BeanPostProcessors (for example: not eligible for auto-proxying)
2020-04-22 21:56:20 INFO  main org.springframework.context.support.PostProcessorRegistrationDelegate$BeanPostProcessorChecker Bean 'com.baomidou.dynamic.datasource.spring.boot.autoconfigure.DynamicDataSourceAutoConfiguration' of type [com.baomidou.dynamic.datasource.spring.boot.autoconfigure.DynamicDataSourceAutoConfiguration$$EnhancerBySpringCGLIB$$8cd46460] is not eligible for getting processed by all BeanPostProcessors (for example: not eligible for auto-proxying)
2020-04-22 21:56:20 INFO  main org.springframework.context.support.PostProcessorRegistrationDelegate$BeanPostProcessorChecker Bean 'dsProcessor' of type [com.baomidou.dynamic.datasource.processor.DsHeaderProcessor] is not eligible for getting processed by all BeanPostProcessors (for example: not eligible for auto-proxying)
2020-04-22 21:56:20 INFO  main org.springframework.context.support.PostProcessorRegistrationDelegate$BeanPostProcessorChecker Bean 'dynamicDatasourceAnnotationAdvisor' of type [com.baomidou.dynamic.datasource.aop.DynamicDataSourceAnnotationAdvisor] is not eligible for getting processed by all BeanPostProcessors (for example: not eligible for auto-proxying)
2020-04-22 21:56:20 INFO  main org.springframework.context.support.PostProcessorRegistrationDelegate$BeanPostProcessorChecker Bean 'org.springframework.transaction.annotation.ProxyTransactionManagementConfiguration' of type [org.springframework.transaction.annotation.ProxyTransactionManagementConfiguration] is not eligible for getting processed by all BeanPostProcessors (for example: not eligible for auto-proxying)
2020-04-22 21:56:20 INFO  main org.springframework.boot.web.embedded.tomcat.TomcatWebServer Tomcat initialized with port(s): 8099 (http)
2020-04-22 21:56:20 INFO  main org.apache.coyote.http11.Http11NioProtocol Initializing ProtocolHandler ["http-nio-8099"]
2020-04-22 21:56:20 INFO  main org.apache.catalina.core.StandardService Starting service [Tomcat]
2020-04-22 21:56:20 INFO  main org.apache.catalina.core.StandardEngine Starting Servlet engine: [Apache Tomcat/9.0.27]
2020-04-22 21:56:20 INFO  main org.apache.catalina.core.ContainerBase.[Tomcat].[localhost].[/] Initializing Spring embedded WebApplicationContext
2020-04-22 21:56:20 INFO  main org.springframework.web.context.ContextLoader Root WebApplicationContext: initialization completed in 1599 ms
2020-04-22 21:56:20 INFO  main com.baomidou.dynamic.datasource.DynamicRoutingDataSource dynamic-datasource detect P6SPY plugin and enabled it
2020-04-22 21:56:20 INFO  main com.zaxxer.hikari.HikariDataSource base - Starting...
2020-04-22 21:56:20 INFO  main com.zaxxer.hikari.HikariDataSource base - Start completed.
2020-04-22 21:56:20 INFO  main com.baomidou.dynamic.datasource.DynamicRoutingDataSource dynamic-datasource - load a datasource named [base] success
2020-04-22 21:56:20 INFO  main com.baomidou.dynamic.datasource.DynamicRoutingDataSource dynamic-datasource initial loaded [1] datasource,primary datasource named [base]
2020-04-22 21:56:21 INFO  main cc.mrbird.febs.common.xss.XssFilter ------------ xss filter init ------------
2020-04-22 21:56:21 INFO  main org.springframework.beans.factory.annotation.AutowiredAnnotationBeanPostProcessor Autowired annotation should only be used on methods with parameters: public void cc.mrbird.febs.common.aspect.ControllerEndpointAspect.pointcut()
2020-04-22 21:56:21 INFO  main com.baomidou.dynamic.datasource.DynamicRoutingDataSource dynamic-datasource start closing ....
2020-04-22 21:56:21 INFO  main com.zaxxer.hikari.HikariDataSource base - Shutdown initiated...
2020-04-22 21:56:21 INFO  main com.zaxxer.hikari.HikariDataSource base - Shutdown completed.
2020-04-22 21:56:21 INFO  main com.baomidou.dynamic.datasource.DynamicRoutingDataSource dynamic-datasource all closed success,bye
2020-04-22 21:56:21 INFO  main org.apache.catalina.core.StandardService Stopping service [Tomcat]
2020-04-22 21:56:21 INFO  main org.springframework.boot.autoconfigure.logging.ConditionEvaluationReportLoggingListener 

Error starting ApplicationContext. To display the conditions report re-run your application with 'debug' enabled.
2020-04-22 21:57:05 INFO  main cc.mrbird.febs.FebsApplication Starting FebsApplication on tymymac with PID 3851 (/Users/TymYjmac_Tom/Develop/GitHub/PDMWeb/target/classes started by TymYjmac_Tom in /Users/TymYjmac_Tom/Develop/GitHub/PDMWeb)
2020-04-22 21:57:05 INFO  main cc.mrbird.febs.FebsApplication The following profiles are active: dev
2020-04-22 21:57:05 INFO  main org.springframework.data.repository.config.RepositoryConfigurationDelegate Multiple Spring Data modules found, entering strict repository configuration mode!
2020-04-22 21:57:05 INFO  main org.springframework.data.repository.config.RepositoryConfigurationDelegate Bootstrapping Spring Data repositories in DEFAULT mode.
2020-04-22 21:57:05 INFO  main org.springframework.data.repository.config.RepositoryConfigurationDelegate Finished Spring Data repository scanning in 15ms. Found 0 repository interfaces.
2020-04-22 21:57:06 INFO  main org.springframework.context.support.PostProcessorRegistrationDelegate$BeanPostProcessorChecker Bean 'spring.datasource.dynamic-com.baomidou.dynamic.datasource.spring.boot.autoconfigure.DynamicDataSourceProperties' of type [com.baomidou.dynamic.datasource.spring.boot.autoconfigure.DynamicDataSourceProperties] is not eligible for getting processed by all BeanPostProcessors (for example: not eligible for auto-proxying)
2020-04-22 21:57:06 INFO  main org.springframework.context.support.PostProcessorRegistrationDelegate$BeanPostProcessorChecker Bean 'com.baomidou.dynamic.datasource.spring.boot.autoconfigure.DynamicDataSourceAutoConfiguration' of type [com.baomidou.dynamic.datasource.spring.boot.autoconfigure.DynamicDataSourceAutoConfiguration$$EnhancerBySpringCGLIB$$173e6c9e] is not eligible for getting processed by all BeanPostProcessors (for example: not eligible for auto-proxying)
2020-04-22 21:57:06 INFO  main org.springframework.context.support.PostProcessorRegistrationDelegate$BeanPostProcessorChecker Bean 'dsProcessor' of type [com.baomidou.dynamic.datasource.processor.DsHeaderProcessor] is not eligible for getting processed by all BeanPostProcessors (for example: not eligible for auto-proxying)
2020-04-22 21:57:06 INFO  main org.springframework.context.support.PostProcessorRegistrationDelegate$BeanPostProcessorChecker Bean 'dynamicDatasourceAnnotationAdvisor' of type [com.baomidou.dynamic.datasource.aop.DynamicDataSourceAnnotationAdvisor] is not eligible for getting processed by all BeanPostProcessors (for example: not eligible for auto-proxying)
2020-04-22 21:57:06 INFO  main org.springframework.context.support.PostProcessorRegistrationDelegate$BeanPostProcessorChecker Bean 'org.springframework.transaction.annotation.ProxyTransactionManagementConfiguration' of type [org.springframework.transaction.annotation.ProxyTransactionManagementConfiguration] is not eligible for getting processed by all BeanPostProcessors (for example: not eligible for auto-proxying)
2020-04-22 21:57:06 INFO  main org.springframework.boot.web.embedded.tomcat.TomcatWebServer Tomcat initialized with port(s): 8099 (http)
2020-04-22 21:57:06 INFO  main org.apache.coyote.http11.Http11NioProtocol Initializing ProtocolHandler ["http-nio-8099"]
2020-04-22 21:57:06 INFO  main org.apache.catalina.core.StandardService Starting service [Tomcat]
2020-04-22 21:57:06 INFO  main org.apache.catalina.core.StandardEngine Starting Servlet engine: [Apache Tomcat/9.0.27]
2020-04-22 21:57:06 INFO  main org.apache.catalina.core.ContainerBase.[Tomcat].[localhost].[/] Initializing Spring embedded WebApplicationContext
2020-04-22 21:57:06 INFO  main org.springframework.web.context.ContextLoader Root WebApplicationContext: initialization completed in 1611 ms
2020-04-22 21:57:06 INFO  main com.baomidou.dynamic.datasource.DynamicRoutingDataSource dynamic-datasource detect P6SPY plugin and enabled it
2020-04-22 21:57:06 INFO  main com.zaxxer.hikari.HikariDataSource base - Starting...
2020-04-22 21:57:07 INFO  main com.zaxxer.hikari.HikariDataSource base - Start completed.
2020-04-22 21:57:07 INFO  main com.baomidou.dynamic.datasource.DynamicRoutingDataSource dynamic-datasource - load a datasource named [base] success
2020-04-22 21:57:07 INFO  main com.baomidou.dynamic.datasource.DynamicRoutingDataSource dynamic-datasource initial loaded [1] datasource,primary datasource named [base]
2020-04-22 21:57:07 INFO  main cc.mrbird.febs.common.xss.XssFilter ------------ xss filter init ------------
2020-04-22 21:57:07 INFO  main org.springframework.beans.factory.annotation.AutowiredAnnotationBeanPostProcessor Autowired annotation should only be used on methods with parameters: public void cc.mrbird.febs.common.aspect.ControllerEndpointAspect.pointcut()
2020-04-22 21:57:07 INFO  main org.springframework.scheduling.concurrent.ThreadPoolTaskExecutor Initializing ExecutorService
2020-04-22 21:57:07 INFO  main org.springframework.scheduling.concurrent.ThreadPoolTaskExecutor Initializing ExecutorService 'febsAsyncThreadPool'
2020-04-22 21:57:07 INFO  main org.springframework.boot.autoconfigure.web.servlet.WelcomePageHandlerMapping Adding welcome page template: index
2020-04-22 21:57:07 INFO  main org.springframework.scheduling.concurrent.ThreadPoolTaskExecutor Shutting down ExecutorService 'febsAsyncThreadPool'
2020-04-22 21:57:07 INFO  main com.baomidou.dynamic.datasource.DynamicRoutingDataSource dynamic-datasource start closing ....
2020-04-22 21:57:07 INFO  main com.zaxxer.hikari.HikariDataSource base - Shutdown initiated...
2020-04-22 21:57:07 INFO  main com.zaxxer.hikari.HikariDataSource base - Shutdown completed.
2020-04-22 21:57:07 INFO  main com.baomidou.dynamic.datasource.DynamicRoutingDataSource dynamic-datasource all closed success,bye
2020-04-22 21:57:07 INFO  main org.apache.catalina.core.StandardService Stopping service [Tomcat]
2020-04-22 21:57:07 INFO  main org.springframework.boot.autoconfigure.logging.ConditionEvaluationReportLoggingListener 

Error starting ApplicationContext. To display the conditions report re-run your application with 'debug' enabled.
2020-04-22 21:58:09 INFO  main cc.mrbird.febs.FebsApplication Starting FebsApplication on tymymac with PID 3854 (/Users/TymYjmac_Tom/Develop/GitHub/PDMWeb/target/classes started by TymYjmac_Tom in /Users/TymYjmac_Tom/Develop/GitHub/PDMWeb)
2020-04-22 21:58:09 INFO  main cc.mrbird.febs.FebsApplication The following profiles are active: dev
2020-04-22 21:58:10 INFO  main org.springframework.data.repository.config.RepositoryConfigurationDelegate Multiple Spring Data modules found, entering strict repository configuration mode!
2020-04-22 21:58:10 INFO  main org.springframework.data.repository.config.RepositoryConfigurationDelegate Bootstrapping Spring Data repositories in DEFAULT mode.
2020-04-22 21:58:10 INFO  main org.springframework.data.repository.config.RepositoryConfigurationDelegate Finished Spring Data repository scanning in 15ms. Found 0 repository interfaces.
2020-04-22 21:58:10 INFO  main org.springframework.context.support.PostProcessorRegistrationDelegate$BeanPostProcessorChecker Bean 'spring.datasource.dynamic-com.baomidou.dynamic.datasource.spring.boot.autoconfigure.DynamicDataSourceProperties' of type [com.baomidou.dynamic.datasource.spring.boot.autoconfigure.DynamicDataSourceProperties] is not eligible for getting processed by all BeanPostProcessors (for example: not eligible for auto-proxying)
2020-04-22 21:58:10 INFO  main org.springframework.context.support.PostProcessorRegistrationDelegate$BeanPostProcessorChecker Bean 'com.baomidou.dynamic.datasource.spring.boot.autoconfigure.DynamicDataSourceAutoConfiguration' of type [com.baomidou.dynamic.datasource.spring.boot.autoconfigure.DynamicDataSourceAutoConfiguration$$EnhancerBySpringCGLIB$$f49e0995] is not eligible for getting processed by all BeanPostProcessors (for example: not eligible for auto-proxying)
2020-04-22 21:58:10 INFO  main org.springframework.context.support.PostProcessorRegistrationDelegate$BeanPostProcessorChecker Bean 'dsProcessor' of type [com.baomidou.dynamic.datasource.processor.DsHeaderProcessor] is not eligible for getting processed by all BeanPostProcessors (for example: not eligible for auto-proxying)
2020-04-22 21:58:10 INFO  main org.springframework.context.support.PostProcessorRegistrationDelegate$BeanPostProcessorChecker Bean 'dynamicDatasourceAnnotationAdvisor' of type [com.baomidou.dynamic.datasource.aop.DynamicDataSourceAnnotationAdvisor] is not eligible for getting processed by all BeanPostProcessors (for example: not eligible for auto-proxying)
2020-04-22 21:58:10 INFO  main org.springframework.context.support.PostProcessorRegistrationDelegate$BeanPostProcessorChecker Bean 'org.springframework.transaction.annotation.ProxyTransactionManagementConfiguration' of type [org.springframework.transaction.annotation.ProxyTransactionManagementConfiguration] is not eligible for getting processed by all BeanPostProcessors (for example: not eligible for auto-proxying)
2020-04-22 21:58:11 INFO  main org.springframework.boot.web.embedded.tomcat.TomcatWebServer Tomcat initialized with port(s): 8099 (http)
2020-04-22 21:58:11 INFO  main org.apache.coyote.http11.Http11NioProtocol Initializing ProtocolHandler ["http-nio-8099"]
2020-04-22 21:58:11 INFO  main org.apache.catalina.core.StandardService Starting service [Tomcat]
2020-04-22 21:58:11 INFO  main org.apache.catalina.core.StandardEngine Starting Servlet engine: [Apache Tomcat/9.0.27]
2020-04-22 21:58:11 INFO  main org.apache.catalina.core.ContainerBase.[Tomcat].[localhost].[/] Initializing Spring embedded WebApplicationContext
2020-04-22 21:58:11 INFO  main org.springframework.web.context.ContextLoader Root WebApplicationContext: initialization completed in 1551 ms
2020-04-22 21:58:11 INFO  main com.baomidou.dynamic.datasource.DynamicRoutingDataSource dynamic-datasource detect P6SPY plugin and enabled it
2020-04-22 21:58:11 INFO  main com.zaxxer.hikari.HikariDataSource base - Starting...
2020-04-22 21:58:11 INFO  main com.zaxxer.hikari.HikariDataSource base - Start completed.
2020-04-22 21:58:11 INFO  main com.baomidou.dynamic.datasource.DynamicRoutingDataSource dynamic-datasource - load a datasource named [base] success
2020-04-22 21:58:11 INFO  main com.baomidou.dynamic.datasource.DynamicRoutingDataSource dynamic-datasource initial loaded [1] datasource,primary datasource named [base]
2020-04-22 21:58:11 INFO  main cc.mrbird.febs.common.xss.XssFilter ------------ xss filter init ------------
2020-04-22 21:58:11 INFO  main org.springframework.beans.factory.annotation.AutowiredAnnotationBeanPostProcessor Autowired annotation should only be used on methods with parameters: public void cc.mrbird.febs.common.aspect.ControllerEndpointAspect.pointcut()
2020-04-22 21:58:11 INFO  main org.springframework.scheduling.concurrent.ThreadPoolTaskExecutor Initializing ExecutorService
2020-04-22 21:58:11 INFO  main org.springframework.scheduling.concurrent.ThreadPoolTaskExecutor Initializing ExecutorService 'febsAsyncThreadPool'
2020-04-22 21:58:12 INFO  main org.springframework.boot.autoconfigure.web.servlet.WelcomePageHandlerMapping Adding welcome page template: index
2020-04-22 21:58:12 INFO  main org.springframework.scheduling.concurrent.ThreadPoolTaskExecutor Shutting down ExecutorService 'febsAsyncThreadPool'
2020-04-22 21:58:12 INFO  main com.baomidou.dynamic.datasource.DynamicRoutingDataSource dynamic-datasource start closing ....
2020-04-22 21:58:12 INFO  main com.zaxxer.hikari.HikariDataSource base - Shutdown initiated...
2020-04-22 21:58:12 INFO  main com.zaxxer.hikari.HikariDataSource base - Shutdown completed.
2020-04-22 21:58:12 INFO  main com.baomidou.dynamic.datasource.DynamicRoutingDataSource dynamic-datasource all closed success,bye
2020-04-22 21:58:12 INFO  main org.apache.catalina.core.StandardService Stopping service [Tomcat]
2020-04-22 21:58:12 INFO  main org.springframework.boot.autoconfigure.logging.ConditionEvaluationReportLoggingListener 

Error starting ApplicationContext. To display the conditions report re-run your application with 'debug' enabled.
2020-04-22 21:59:18 INFO  main cc.mrbird.febs.FebsApplication Starting FebsApplication on tymymac with PID 3857 (/Users/TymYjmac_Tom/Develop/GitHub/PDMWeb/target/classes started by TymYjmac_Tom in /Users/TymYjmac_Tom/Develop/GitHub/PDMWeb)
2020-04-22 21:59:18 INFO  main cc.mrbird.febs.FebsApplication The following profiles are active: dev
2020-04-22 21:59:19 INFO  main org.springframework.data.repository.config.RepositoryConfigurationDelegate Multiple Spring Data modules found, entering strict repository configuration mode!
2020-04-22 21:59:19 INFO  main org.springframework.data.repository.config.RepositoryConfigurationDelegate Bootstrapping Spring Data repositories in DEFAULT mode.
2020-04-22 21:59:19 INFO  main org.springframework.data.repository.config.RepositoryConfigurationDelegate Finished Spring Data repository scanning in 16ms. Found 0 repository interfaces.
2020-04-22 21:59:20 INFO  main org.springframework.context.support.PostProcessorRegistrationDelegate$BeanPostProcessorChecker Bean 'spring.datasource.dynamic-com.baomidou.dynamic.datasource.spring.boot.autoconfigure.DynamicDataSourceProperties' of type [com.baomidou.dynamic.datasource.spring.boot.autoconfigure.DynamicDataSourceProperties] is not eligible for getting processed by all BeanPostProcessors (for example: not eligible for auto-proxying)
2020-04-22 21:59:20 INFO  main org.springframework.context.support.PostProcessorRegistrationDelegate$BeanPostProcessorChecker Bean 'com.baomidou.dynamic.datasource.spring.boot.autoconfigure.DynamicDataSourceAutoConfiguration' of type [com.baomidou.dynamic.datasource.spring.boot.autoconfigure.DynamicDataSourceAutoConfiguration$$EnhancerBySpringCGLIB$$1bf92961] is not eligible for getting processed by all BeanPostProcessors (for example: not eligible for auto-proxying)
2020-04-22 21:59:20 INFO  main org.springframework.context.support.PostProcessorRegistrationDelegate$BeanPostProcessorChecker Bean 'dsProcessor' of type [com.baomidou.dynamic.datasource.processor.DsHeaderProcessor] is not eligible for getting processed by all BeanPostProcessors (for example: not eligible for auto-proxying)
2020-04-22 21:59:20 INFO  main org.springframework.context.support.PostProcessorRegistrationDelegate$BeanPostProcessorChecker Bean 'dynamicDatasourceAnnotationAdvisor' of type [com.baomidou.dynamic.datasource.aop.DynamicDataSourceAnnotationAdvisor] is not eligible for getting processed by all BeanPostProcessors (for example: not eligible for auto-proxying)
2020-04-22 21:59:20 INFO  main org.springframework.context.support.PostProcessorRegistrationDelegate$BeanPostProcessorChecker Bean 'org.springframework.transaction.annotation.ProxyTransactionManagementConfiguration' of type [org.springframework.transaction.annotation.ProxyTransactionManagementConfiguration] is not eligible for getting processed by all BeanPostProcessors (for example: not eligible for auto-proxying)
2020-04-22 21:59:20 INFO  main org.springframework.boot.web.embedded.tomcat.TomcatWebServer Tomcat initialized with port(s): 8099 (http)
2020-04-22 21:59:20 INFO  main org.apache.coyote.http11.Http11NioProtocol Initializing ProtocolHandler ["http-nio-8099"]
2020-04-22 21:59:20 INFO  main org.apache.catalina.core.StandardService Starting service [Tomcat]
2020-04-22 21:59:20 INFO  main org.apache.catalina.core.StandardEngine Starting Servlet engine: [Apache Tomcat/9.0.27]
2020-04-22 21:59:20 INFO  main org.apache.catalina.core.ContainerBase.[Tomcat].[localhost].[/] Initializing Spring embedded WebApplicationContext
2020-04-22 21:59:20 INFO  main org.springframework.web.context.ContextLoader Root WebApplicationContext: initialization completed in 1615 ms
2020-04-22 21:59:20 INFO  main com.baomidou.dynamic.datasource.DynamicRoutingDataSource dynamic-datasource detect P6SPY plugin and enabled it
2020-04-22 21:59:20 INFO  main com.zaxxer.hikari.HikariDataSource base - Starting...
2020-04-22 21:59:20 INFO  main com.zaxxer.hikari.HikariDataSource base - Start completed.
2020-04-22 21:59:20 INFO  main com.baomidou.dynamic.datasource.DynamicRoutingDataSource dynamic-datasource - load a datasource named [base] success
2020-04-22 21:59:20 INFO  main com.baomidou.dynamic.datasource.DynamicRoutingDataSource dynamic-datasource initial loaded [1] datasource,primary datasource named [base]
2020-04-22 21:59:21 INFO  main cc.mrbird.febs.common.xss.XssFilter ------------ xss filter init ------------
2020-04-22 21:59:21 INFO  main org.springframework.beans.factory.annotation.AutowiredAnnotationBeanPostProcessor Autowired annotation should only be used on methods with parameters: public void cc.mrbird.febs.common.aspect.ControllerEndpointAspect.pointcut()
2020-04-22 21:59:21 INFO  main org.springframework.scheduling.concurrent.ThreadPoolTaskExecutor Initializing ExecutorService
2020-04-22 21:59:21 INFO  main org.springframework.scheduling.concurrent.ThreadPoolTaskExecutor Initializing ExecutorService 'febsAsyncThreadPool'
2020-04-22 21:59:21 INFO  main org.springframework.boot.autoconfigure.web.servlet.WelcomePageHandlerMapping Adding welcome page template: index
2020-04-22 21:59:21 INFO  main org.springframework.boot.actuate.endpoint.web.EndpointLinksResolver Exposing 2 endpoint(s) beneath base path '/actuator'
2020-04-22 21:59:21 INFO  main org.apache.coyote.http11.Http11NioProtocol Starting ProtocolHandler ["http-nio-8099"]
2020-04-22 21:59:22 INFO  main org.springframework.boot.web.embedded.tomcat.TomcatWebServer Tomcat started on port(s): 8099 (http) with context path ''
2020-04-22 21:59:22 INFO  main cc.mrbird.febs.FebsApplication Started FebsApplication in 3.678 seconds (JVM running for 4.29)
2020-04-22 21:59:22 INFO  main cc.mrbird.febs.common.runner.FebsStartedUpRunner FEBS http://192.168.1.100:8099//login
2020-04-22 21:59:39 INFO  http-nio-8099-exec-1 org.apache.catalina.core.ContainerBase.[Tomcat].[localhost].[/] Initializing Spring DispatcherServlet 'dispatcherServlet'
2020-04-22 21:59:39 INFO  http-nio-8099-exec-1 org.springframework.web.servlet.DispatcherServlet Initializing Servlet 'dispatcherServlet'
2020-04-22 21:59:39 INFO  http-nio-8099-exec-1 org.springframework.web.servlet.DispatcherServlet Completed initialization in 9 ms
2020-04-22 22:02:12 INFO  RMI TCP Connection(14)-127.0.0.1 org.springframework.boot.admin.SpringApplicationAdminMXBeanRegistrar$SpringApplicationAdmin Application shutdown requested.
2020-04-22 22:02:12 INFO  RMI TCP Connection(14)-127.0.0.1 org.springframework.scheduling.concurrent.ThreadPoolTaskExecutor Shutting down ExecutorService 'febsAsyncThreadPool'
2020-04-22 22:02:12 INFO  RMI TCP Connection(14)-127.0.0.1 com.baomidou.dynamic.datasource.DynamicRoutingDataSource dynamic-datasource start closing ....
2020-04-22 22:02:12 INFO  RMI TCP Connection(14)-127.0.0.1 com.zaxxer.hikari.HikariDataSource base - Shutdown initiated...
2020-04-22 22:02:12 INFO  RMI TCP Connection(14)-127.0.0.1 com.zaxxer.hikari.HikariDataSource base - Shutdown completed.
2020-04-22 22:02:12 INFO  RMI TCP Connection(14)-127.0.0.1 com.baomidou.dynamic.datasource.DynamicRoutingDataSource dynamic-datasource all closed success,bye
2020-04-22 22:25:54 INFO  main cc.mrbird.febs.FebsApplication Starting FebsApplication on tymymac with PID 4309 (/Users/TymYjmac_Tom/Develop/GitHub/PDMWeb/target/classes started by TymYjmac_Tom in /Users/TymYjmac_Tom/Develop/GitHub/PDMWeb)
2020-04-22 22:25:54 INFO  main cc.mrbird.febs.FebsApplication No active profile set, falling back to default profiles: default
2020-04-22 22:27:04 INFO  main cc.mrbird.febs.FebsApplication Starting FebsApplication on tymymac with PID 4312 (/Users/TymYjmac_Tom/Develop/GitHub/PDMWeb/target/classes started by TymYjmac_Tom in /Users/TymYjmac_Tom/Develop/GitHub/PDMWeb)
2020-04-22 22:27:04 INFO  main cc.mrbird.febs.FebsApplication No active profile set, falling back to default profiles: default
2020-04-22 22:27:05 INFO  main org.springframework.data.repository.config.RepositoryConfigurationDelegate Multiple Spring Data modules found, entering strict repository configuration mode!
2020-04-22 22:27:05 INFO  main org.springframework.data.repository.config.RepositoryConfigurationDelegate Bootstrapping Spring Data repositories in DEFAULT mode.
2020-04-22 22:27:05 INFO  main org.springframework.data.repository.config.RepositoryConfigurationDelegate Finished Spring Data repository scanning in 20ms. Found 0 repository interfaces.
2020-04-22 22:27:06 INFO  main org.springframework.context.support.PostProcessorRegistrationDelegate$BeanPostProcessorChecker Bean 'org.springframework.transaction.annotation.ProxyTransactionManagementConfiguration' of type [org.springframework.transaction.annotation.ProxyTransactionManagementConfiguration] is not eligible for getting processed by all BeanPostProcessors (for example: not eligible for auto-proxying)
2020-04-22 22:27:06 INFO  main org.springframework.boot.web.embedded.tomcat.TomcatWebServer Tomcat initialized with port(s): 8099 (http)
2020-04-22 22:27:06 INFO  main org.apache.coyote.http11.Http11NioProtocol Initializing ProtocolHandler ["http-nio-8099"]
2020-04-22 22:27:06 INFO  main org.apache.catalina.core.StandardService Starting service [Tomcat]
2020-04-22 22:27:06 INFO  main org.apache.catalina.core.StandardEngine Starting Servlet engine: [Apache Tomcat/9.0.27]
2020-04-22 22:27:06 INFO  main org.apache.catalina.core.ContainerBase.[Tomcat].[localhost].[/] Initializing Spring embedded WebApplicationContext
2020-04-22 22:27:06 INFO  main org.springframework.web.context.ContextLoader Root WebApplicationContext: initialization completed in 1577 ms
2020-04-22 22:27:07 INFO  main cc.mrbird.febs.common.xss.XssFilter ------------ xss filter init ------------
2020-04-22 22:27:07 INFO  main org.springframework.beans.factory.annotation.AutowiredAnnotationBeanPostProcessor Autowired annotation should only be used on methods with parameters: public void cc.mrbird.febs.common.aspect.ControllerEndpointAspect.pointcut()
2020-04-22 22:27:07 INFO  main org.apache.catalina.core.StandardService Stopping service [Tomcat]
2020-04-22 22:27:07 INFO  main org.springframework.boot.autoconfigure.logging.ConditionEvaluationReportLoggingListener 

Error starting ApplicationContext. To display the conditions report re-run your application with 'debug' enabled.
2020-04-22 22:30:09 INFO  main cc.mrbird.febs.FebsApplication Starting FebsApplication on tymymac with PID 4360 (/Users/TymYjmac_Tom/Develop/GitHub/PDMWeb/target/classes started by TymYjmac_Tom in /Users/TymYjmac_Tom/Develop/GitHub/PDMWeb)
2020-04-22 22:30:09 INFO  main cc.mrbird.febs.FebsApplication No active profile set, falling back to default profiles: default
2020-04-22 22:30:10 INFO  main org.springframework.data.repository.config.RepositoryConfigurationDelegate Multiple Spring Data modules found, entering strict repository configuration mode!
2020-04-22 22:30:10 INFO  main org.springframework.data.repository.config.RepositoryConfigurationDelegate Bootstrapping Spring Data repositories in DEFAULT mode.
2020-04-22 22:30:10 INFO  main org.springframework.data.repository.config.RepositoryConfigurationDelegate Finished Spring Data repository scanning in 16ms. Found 0 repository interfaces.
2020-04-22 22:30:10 INFO  main org.springframework.context.support.PostProcessorRegistrationDelegate$BeanPostProcessorChecker Bean 'org.springframework.transaction.annotation.ProxyTransactionManagementConfiguration' of type [org.springframework.transaction.annotation.ProxyTransactionManagementConfiguration] is not eligible for getting processed by all BeanPostProcessors (for example: not eligible for auto-proxying)
2020-04-22 22:30:10 INFO  main org.springframework.boot.web.embedded.tomcat.TomcatWebServer Tomcat initialized with port(s): 8099 (http)
2020-04-22 22:30:10 INFO  main org.apache.coyote.http11.Http11NioProtocol Initializing ProtocolHandler ["http-nio-8099"]
2020-04-22 22:30:10 INFO  main org.apache.catalina.core.StandardService Starting service [Tomcat]
2020-04-22 22:30:10 INFO  main org.apache.catalina.core.StandardEngine Starting Servlet engine: [Apache Tomcat/9.0.27]
2020-04-22 22:30:10 INFO  main org.apache.catalina.core.ContainerBase.[Tomcat].[localhost].[/] Initializing Spring embedded WebApplicationContext
2020-04-22 22:30:10 INFO  main org.springframework.web.context.ContextLoader Root WebApplicationContext: initialization completed in 1465 ms
2020-04-22 22:30:11 INFO  main cc.mrbird.febs.common.xss.XssFilter ------------ xss filter init ------------
2020-04-22 22:30:11 INFO  main org.springframework.beans.factory.annotation.AutowiredAnnotationBeanPostProcessor Autowired annotation should only be used on methods with parameters: public void cc.mrbird.febs.common.aspect.ControllerEndpointAspect.pointcut()
2020-04-22 22:30:11 INFO  main org.springframework.scheduling.concurrent.ThreadPoolTaskExecutor Initializing ExecutorService
2020-04-22 22:30:11 INFO  main org.springframework.scheduling.concurrent.ThreadPoolTaskExecutor Initializing ExecutorService 'febsAsyncThreadPool'
2020-04-22 22:30:11 INFO  main org.springframework.boot.autoconfigure.web.servlet.WelcomePageHandlerMapping Adding welcome page template: index
2020-04-22 22:30:12 INFO  main org.springframework.boot.actuate.endpoint.web.EndpointLinksResolver Exposing 2 endpoint(s) beneath base path '/actuator'
2020-04-22 22:30:12 INFO  main org.apache.coyote.http11.Http11NioProtocol Starting ProtocolHandler ["http-nio-8099"]
2020-04-22 22:30:12 INFO  main org.springframework.boot.web.embedded.tomcat.TomcatWebServer Tomcat started on port(s): 8099 (http) with context path ''
2020-04-22 22:30:12 INFO  main cc.mrbird.febs.FebsApplication Started FebsApplication in 3.319 seconds (JVM running for 4.073)
2020-04-22 22:30:12 INFO  main cc.mrbird.febs.common.runner.FebsStartedUpRunner FEBS http://192.168.1.100:8099//login
2020-04-22 22:43:00 INFO  RMI TCP Connection(25)-127.0.0.1 org.springframework.boot.admin.SpringApplicationAdminMXBeanRegistrar$SpringApplicationAdmin Application shutdown requested.
2020-04-22 22:43:00 INFO  RMI TCP Connection(25)-127.0.0.1 org.springframework.scheduling.concurrent.ThreadPoolTaskExecutor Shutting down ExecutorService 'febsAsyncThreadPool'
2020-04-22 22:43:03 INFO  main cc.mrbird.febs.FebsApplication Starting FebsApplication on tymymac with PID 4756 (/Users/TymYjmac_Tom/Develop/GitHub/PDMWeb/target/classes started by TymYjmac_Tom in /Users/TymYjmac_Tom/Develop/GitHub/PDMWeb)
2020-04-22 22:43:03 INFO  main cc.mrbird.febs.FebsApplication No active profile set, falling back to default profiles: default
2020-04-22 22:43:04 INFO  main org.springframework.data.repository.config.RepositoryConfigurationDelegate Multiple Spring Data modules found, entering strict repository configuration mode!
2020-04-22 22:43:04 INFO  main org.springframework.data.repository.config.RepositoryConfigurationDelegate Bootstrapping Spring Data repositories in DEFAULT mode.
2020-04-22 22:43:04 INFO  main org.springframework.data.repository.config.RepositoryConfigurationDelegate Finished Spring Data repository scanning in 15ms. Found 0 repository interfaces.
2020-04-22 22:43:04 INFO  main org.springframework.context.support.PostProcessorRegistrationDelegate$BeanPostProcessorChecker Bean 'org.springframework.transaction.annotation.ProxyTransactionManagementConfiguration' of type [org.springframework.transaction.annotation.ProxyTransactionManagementConfiguration] is not eligible for getting processed by all BeanPostProcessors (for example: not eligible for auto-proxying)
2020-04-22 22:43:05 INFO  main org.springframework.boot.web.embedded.tomcat.TomcatWebServer Tomcat initialized with port(s): 8099 (http)
2020-04-22 22:43:05 INFO  main org.apache.coyote.http11.Http11NioProtocol Initializing ProtocolHandler ["http-nio-8099"]
2020-04-22 22:43:05 INFO  main org.apache.catalina.core.StandardService Starting service [Tomcat]
2020-04-22 22:43:05 INFO  main org.apache.catalina.core.StandardEngine Starting Servlet engine: [Apache Tomcat/9.0.27]
2020-04-22 22:43:05 INFO  main org.apache.catalina.core.ContainerBase.[Tomcat].[localhost].[/] Initializing Spring embedded WebApplicationContext
2020-04-22 22:43:05 INFO  main org.springframework.web.context.ContextLoader Root WebApplicationContext: initialization completed in 1340 ms
2020-04-22 22:43:05 INFO  main cc.mrbird.febs.common.xss.XssFilter ------------ xss filter init ------------
2020-04-22 22:43:05 INFO  main org.springframework.beans.factory.annotation.AutowiredAnnotationBeanPostProcessor Autowired annotation should only be used on methods with parameters: public void cc.mrbird.febs.common.aspect.ControllerEndpointAspect.pointcut()
2020-04-22 22:43:05 INFO  main org.springframework.scheduling.concurrent.ThreadPoolTaskExecutor Initializing ExecutorService
2020-04-22 22:43:05 INFO  main org.springframework.scheduling.concurrent.ThreadPoolTaskExecutor Initializing ExecutorService 'febsAsyncThreadPool'
2020-04-22 22:43:05 INFO  main org.springframework.boot.autoconfigure.web.servlet.WelcomePageHandlerMapping Adding welcome page template: index
2020-04-22 22:43:06 INFO  main org.springframework.boot.actuate.endpoint.web.EndpointLinksResolver Exposing 2 endpoint(s) beneath base path '/actuator'
2020-04-22 22:43:06 INFO  main org.apache.coyote.http11.Http11NioProtocol Starting ProtocolHandler ["http-nio-8099"]
2020-04-22 22:43:06 INFO  main org.springframework.boot.web.embedded.tomcat.TomcatWebServer Tomcat started on port(s): 8099 (http) with context path ''
2020-04-22 22:43:06 INFO  main cc.mrbird.febs.FebsApplication Started FebsApplication in 3.024 seconds (JVM running for 3.626)
2020-04-22 22:43:06 INFO  main cc.mrbird.febs.common.runner.FebsStartedUpRunner FEBS http://192.168.1.100:8099//login
2020-04-22 22:43:21 INFO  http-nio-8099-exec-1 org.apache.catalina.core.ContainerBase.[Tomcat].[localhost].[/] Initializing Spring DispatcherServlet 'dispatcherServlet'
2020-04-22 22:43:21 INFO  http-nio-8099-exec-1 org.springframework.web.servlet.DispatcherServlet Initializing Servlet 'dispatcherServlet'
2020-04-22 22:43:21 INFO  http-nio-8099-exec-1 org.springframework.web.servlet.DispatcherServlet Completed initialization in 10 ms
2020-04-22 22:47:19 INFO  RMI TCP Connection(15)-127.0.0.1 org.springframework.boot.admin.SpringApplicationAdminMXBeanRegistrar$SpringApplicationAdmin Application shutdown requested.
2020-04-22 22:47:19 INFO  RMI TCP Connection(15)-127.0.0.1 org.springframework.scheduling.concurrent.ThreadPoolTaskExecutor Shutting down ExecutorService 'febsAsyncThreadPool'
2020-04-22 22:47:26 INFO  main cc.mrbird.febs.FebsApplication Starting FebsApplication on tymymac with PID 4872 (/Users/TymYjmac_Tom/Develop/GitHub/PDMWeb/target/classes started by TymYjmac_Tom in /Users/TymYjmac_Tom/Develop/GitHub/PDMWeb)
2020-04-22 22:47:26 INFO  main cc.mrbird.febs.FebsApplication No active profile set, falling back to default profiles: default
2020-04-22 22:49:41 INFO  main cc.mrbird.febs.FebsApplication Starting FebsApplication on tymymac with PID 5016 (/Users/TymYjmac_Tom/Develop/GitHub/PDMWeb/target/classes started by TymYjmac_Tom in /Users/TymYjmac_Tom/Develop/GitHub/PDMWeb)
2020-04-22 22:49:41 INFO  main cc.mrbird.febs.FebsApplication No active profile set, falling back to default profiles: default
2020-04-22 22:51:51 INFO  main cc.mrbird.febs.FebsApplication Starting FebsApplication on tymymac with PID 5057 (/Users/TymYjmac_Tom/Develop/GitHub/PDMWeb/target/classes started by TymYjmac_Tom in /Users/TymYjmac_Tom/Develop/GitHub/PDMWeb)
2020-04-22 22:51:51 INFO  main cc.mrbird.febs.FebsApplication No active profile set, falling back to default profiles: default
2020-04-22 22:51:52 INFO  main org.springframework.data.repository.config.RepositoryConfigurationDelegate Multiple Spring Data modules found, entering strict repository configuration mode!
2020-04-22 22:51:52 INFO  main org.springframework.data.repository.config.RepositoryConfigurationDelegate Bootstrapping Spring Data repositories in DEFAULT mode.
2020-04-22 22:51:52 INFO  main org.springframework.data.repository.config.RepositoryConfigurationDelegate Finished Spring Data repository scanning in 15ms. Found 0 repository interfaces.
2020-04-22 22:51:52 INFO  main org.springframework.context.support.PostProcessorRegistrationDelegate$BeanPostProcessorChecker Bean 'org.springframework.transaction.annotation.ProxyTransactionManagementConfiguration' of type [org.springframework.transaction.annotation.ProxyTransactionManagementConfiguration] is not eligible for getting processed by all BeanPostProcessors (for example: not eligible for auto-proxying)
2020-04-22 22:51:52 INFO  main org.springframework.boot.web.embedded.tomcat.TomcatWebServer Tomcat initialized with port(s): 8099 (http)
2020-04-22 22:51:52 INFO  main org.apache.coyote.http11.Http11NioProtocol Initializing ProtocolHandler ["http-nio-8099"]
2020-04-22 22:51:52 INFO  main org.apache.catalina.core.StandardService Starting service [Tomcat]
2020-04-22 22:51:52 INFO  main org.apache.catalina.core.StandardEngine Starting Servlet engine: [Apache Tomcat/9.0.27]
2020-04-22 22:51:52 INFO  main org.apache.catalina.core.ContainerBase.[Tomcat].[localhost].[/] Initializing Spring embedded WebApplicationContext
2020-04-22 22:51:52 INFO  main org.springframework.web.context.ContextLoader Root WebApplicationContext: initialization completed in 1360 ms
2020-04-22 22:51:53 INFO  main org.springframework.beans.factory.annotation.AutowiredAnnotationBeanPostProcessor Autowired annotation should only be used on methods with parameters: public void cc.mrbird.febs.common.aspect.ControllerEndpointAspect.pointcut()
2020-04-22 22:51:53 INFO  main org.springframework.scheduling.concurrent.ThreadPoolTaskExecutor Initializing ExecutorService 'applicationTaskExecutor'
2020-04-22 22:51:53 INFO  main org.springframework.boot.autoconfigure.web.servlet.WelcomePageHandlerMapping Adding welcome page template: index
2020-04-22 22:51:54 INFO  main org.springframework.boot.actuate.endpoint.web.EndpointLinksResolver Exposing 2 endpoint(s) beneath base path '/actuator'
2020-04-22 22:51:54 INFO  main org.apache.coyote.http11.Http11NioProtocol Starting ProtocolHandler ["http-nio-8099"]
2020-04-22 22:51:54 INFO  main org.springframework.boot.web.embedded.tomcat.TomcatWebServer Tomcat started on port(s): 8099 (http) with context path ''
2020-04-22 22:51:54 INFO  main cc.mrbird.febs.FebsApplication Started FebsApplication in 3.074 seconds (JVM running for 3.828)
2020-04-22 22:51:54 INFO  main cc.mrbird.febs.common.runner.FebsStartedUpRunner FEBS http://192.168.1.100:8099//login
2020-04-22 22:53:33 INFO  RMI TCP Connection(12)-127.0.0.1 org.springframework.boot.admin.SpringApplicationAdminMXBeanRegistrar$SpringApplicationAdmin Application shutdown requested.
2020-04-22 22:53:33 INFO  RMI TCP Connection(12)-127.0.0.1 org.springframework.scheduling.concurrent.ThreadPoolTaskExecutor Shutting down ExecutorService 'applicationTaskExecutor'
2020-04-22 22:53:37 INFO  main cc.mrbird.febs.FebsApplication Starting FebsApplication on tymymac with PID 5061 (/Users/TymYjmac_Tom/Develop/GitHub/PDMWeb/target/classes started by TymYjmac_Tom in /Users/TymYjmac_Tom/Develop/GitHub/PDMWeb)
2020-04-22 22:53:37 INFO  main cc.mrbird.febs.FebsApplication No active profile set, falling back to default profiles: default
2020-04-22 22:53:37 INFO  main org.springframework.data.repository.config.RepositoryConfigurationDelegate Multiple Spring Data modules found, entering strict repository configuration mode!
2020-04-22 22:53:37 INFO  main org.springframework.data.repository.config.RepositoryConfigurationDelegate Bootstrapping Spring Data repositories in DEFAULT mode.
2020-04-22 22:53:37 INFO  main org.springframework.data.repository.config.RepositoryConfigurationDelegate Finished Spring Data repository scanning in 14ms. Found 0 repository interfaces.
2020-04-22 22:53:38 INFO  main org.springframework.context.support.PostProcessorRegistrationDelegate$BeanPostProcessorChecker Bean 'org.springframework.transaction.annotation.ProxyTransactionManagementConfiguration' of type [org.springframework.transaction.annotation.ProxyTransactionManagementConfiguration] is not eligible for getting processed by all BeanPostProcessors (for example: not eligible for auto-proxying)
2020-04-22 22:53:38 INFO  main org.springframework.boot.web.embedded.tomcat.TomcatWebServer Tomcat initialized with port(s): 8099 (http)
2020-04-22 22:53:38 INFO  main org.apache.coyote.http11.Http11NioProtocol Initializing ProtocolHandler ["http-nio-8099"]
2020-04-22 22:53:38 INFO  main org.apache.catalina.core.StandardService Starting service [Tomcat]
2020-04-22 22:53:38 INFO  main org.apache.catalina.core.StandardEngine Starting Servlet engine: [Apache Tomcat/9.0.27]
2020-04-22 22:53:38 INFO  main org.apache.catalina.core.ContainerBase.[Tomcat].[localhost].[/] Initializing Spring embedded WebApplicationContext
2020-04-22 22:53:38 INFO  main org.springframework.web.context.ContextLoader Root WebApplicationContext: initialization completed in 1380 ms
2020-04-22 22:53:38 INFO  main org.springframework.beans.factory.annotation.AutowiredAnnotationBeanPostProcessor Autowired annotation should only be used on methods with parameters: public void cc.mrbird.febs.common.aspect.ControllerEndpointAspect.pointcut()
2020-04-22 22:53:39 INFO  main org.springframework.scheduling.concurrent.ThreadPoolTaskExecutor Initializing ExecutorService 'applicationTaskExecutor'
2020-04-22 22:53:39 INFO  main org.springframework.boot.autoconfigure.web.servlet.WelcomePageHandlerMapping Adding welcome page template: index
2020-04-22 22:53:39 INFO  main org.springframework.boot.actuate.endpoint.web.EndpointLinksResolver Exposing 2 endpoint(s) beneath base path '/actuator'
2020-04-22 22:53:39 INFO  main org.apache.coyote.http11.Http11NioProtocol Starting ProtocolHandler ["http-nio-8099"]
2020-04-22 22:53:39 INFO  main org.springframework.boot.web.embedded.tomcat.TomcatWebServer Tomcat started on port(s): 8099 (http) with context path ''
2020-04-22 22:53:39 INFO  main cc.mrbird.febs.FebsApplication Started FebsApplication in 3.043 seconds (JVM running for 3.647)
2020-04-22 23:00:45 INFO  RMI TCP Connection(2)-127.0.0.1 org.springframework.boot.admin.SpringApplicationAdminMXBeanRegistrar$SpringApplicationAdmin Application shutdown requested.
2020-04-22 23:00:45 INFO  RMI TCP Connection(2)-127.0.0.1 org.springframework.scheduling.concurrent.ThreadPoolTaskExecutor Shutting down ExecutorService 'applicationTaskExecutor'
2020-04-22 23:01:02 INFO  main cc.mrbird.febs.FebsApplication Starting FebsApplication on tymymac with PID 5075 (/Users/TymYjmac_Tom/Develop/GitHub/PDMWeb/target/classes started by TymYjmac_Tom in /Users/TymYjmac_Tom/Develop/GitHub/PDMWeb)
2020-04-22 23:01:02 INFO  main cc.mrbird.febs.FebsApplication No active profile set, falling back to default profiles: default
2020-04-22 23:01:03 INFO  main org.springframework.data.repository.config.RepositoryConfigurationDelegate Multiple Spring Data modules found, entering strict repository configuration mode!
2020-04-22 23:01:03 INFO  main org.springframework.data.repository.config.RepositoryConfigurationDelegate Bootstrapping Spring Data repositories in DEFAULT mode.
2020-04-22 23:01:03 INFO  main org.springframework.data.repository.config.RepositoryConfigurationDelegate Finished Spring Data repository scanning in 16ms. Found 0 repository interfaces.
2020-04-22 23:01:03 INFO  main org.springframework.context.support.PostProcessorRegistrationDelegate$BeanPostProcessorChecker Bean 'org.springframework.transaction.annotation.ProxyTransactionManagementConfiguration' of type [org.springframework.transaction.annotation.ProxyTransactionManagementConfiguration] is not eligible for getting processed by all BeanPostProcessors (for example: not eligible for auto-proxying)
2020-04-22 23:01:03 INFO  main org.springframework.boot.web.embedded.tomcat.TomcatWebServer Tomcat initialized with port(s): 8099 (http)
2020-04-22 23:01:03 INFO  main org.apache.coyote.http11.Http11NioProtocol Initializing ProtocolHandler ["http-nio-8099"]
2020-04-22 23:01:03 INFO  main org.apache.catalina.core.StandardService Starting service [Tomcat]
2020-04-22 23:01:03 INFO  main org.apache.catalina.core.StandardEngine Starting Servlet engine: [Apache Tomcat/9.0.27]
2020-04-22 23:01:03 INFO  main org.apache.catalina.core.ContainerBase.[Tomcat].[localhost].[/] Initializing Spring embedded WebApplicationContext
2020-04-22 23:01:03 INFO  main org.springframework.web.context.ContextLoader Root WebApplicationContext: initialization completed in 1361 ms
2020-04-22 23:01:04 INFO  main org.springframework.beans.factory.annotation.AutowiredAnnotationBeanPostProcessor Autowired annotation should only be used on methods with parameters: public void cc.mrbird.febs.common.aspect.ControllerEndpointAspect.pointcut()
2020-04-22 23:01:04 INFO  main org.springframework.scheduling.concurrent.ThreadPoolTaskExecutor Initializing ExecutorService 'applicationTaskExecutor'
2020-04-22 23:01:04 INFO  main org.springframework.boot.autoconfigure.web.servlet.WelcomePageHandlerMapping Adding welcome page template: index
2020-04-22 23:01:04 INFO  main org.springframework.boot.actuate.endpoint.web.EndpointLinksResolver Exposing 2 endpoint(s) beneath base path '/actuator'
2020-04-22 23:01:04 INFO  main org.apache.coyote.http11.Http11NioProtocol Starting ProtocolHandler ["http-nio-8099"]
2020-04-22 23:01:04 INFO  main org.springframework.boot.web.embedded.tomcat.TomcatWebServer Tomcat started on port(s): 8099 (http) with context path ''
2020-04-22 23:01:04 INFO  main cc.mrbird.febs.FebsApplication Started FebsApplication in 3.069 seconds (JVM running for 3.677)
2020-04-22 23:01:24 INFO  http-nio-8099-exec-1 org.apache.catalina.core.ContainerBase.[Tomcat].[localhost].[/] Initializing Spring DispatcherServlet 'dispatcherServlet'
2020-04-22 23:01:24 INFO  http-nio-8099-exec-1 org.springframework.web.servlet.DispatcherServlet Initializing Servlet 'dispatcherServlet'
2020-04-22 23:01:24 INFO  http-nio-8099-exec-1 org.springframework.web.servlet.DispatcherServlet Completed initialization in 7 ms
2020-04-22 23:12:24 INFO  main com.pdmweb.app.PdmwebApplication Starting PdmwebApplication on tymymac with PID 5194 (/Users/TymYjmac_Tom/Develop/GitHub/PDMWeb/target/classes started by TymYjmac_Tom in /Users/TymYjmac_Tom/Develop/GitHub/PDMWeb)
2020-04-22 23:12:24 INFO  main com.pdmweb.app.PdmwebApplication No active profile set, falling back to default profiles: default
2020-04-22 23:12:25 INFO  main org.springframework.data.repository.config.RepositoryConfigurationDelegate Multiple Spring Data modules found, entering strict repository configuration mode!
2020-04-22 23:12:25 INFO  main org.springframework.data.repository.config.RepositoryConfigurationDelegate Bootstrapping Spring Data repositories in DEFAULT mode.
2020-04-22 23:12:25 INFO  main org.springframework.data.repository.config.RepositoryConfigurationDelegate Finished Spring Data repository scanning in 10ms. Found 0 repository interfaces.
2020-04-22 23:12:25 INFO  main org.springframework.context.support.PostProcessorRegistrationDelegate$BeanPostProcessorChecker Bean 'org.springframework.transaction.annotation.ProxyTransactionManagementConfiguration' of type [org.springframework.transaction.annotation.ProxyTransactionManagementConfiguration] is not eligible for getting processed by all BeanPostProcessors (for example: not eligible for auto-proxying)
2020-04-22 23:12:25 INFO  main org.springframework.boot.web.embedded.tomcat.TomcatWebServer Tomcat initialized with port(s): 8099 (http)
2020-04-22 23:12:25 INFO  main org.apache.coyote.http11.Http11NioProtocol Initializing ProtocolHandler ["http-nio-8099"]
2020-04-22 23:12:25 INFO  main org.apache.catalina.core.StandardService Starting service [Tomcat]
2020-04-22 23:12:25 INFO  main org.apache.catalina.core.StandardEngine Starting Servlet engine: [Apache Tomcat/9.0.27]
2020-04-22 23:12:25 INFO  main org.apache.catalina.core.ContainerBase.[Tomcat].[localhost].[/] Initializing Spring embedded WebApplicationContext
2020-04-22 23:12:25 INFO  main org.springframework.web.context.ContextLoader Root WebApplicationContext: initialization completed in 1204 ms
2020-04-22 23:12:26 INFO  main org.springframework.scheduling.concurrent.ThreadPoolTaskExecutor Initializing ExecutorService 'applicationTaskExecutor'
2020-04-22 23:12:26 INFO  main org.springframework.boot.autoconfigure.web.servlet.WelcomePageHandlerMapping Adding welcome page template: index
2020-04-22 23:12:26 INFO  main org.springframework.boot.actuate.endpoint.web.EndpointLinksResolver Exposing 2 endpoint(s) beneath base path '/actuator'
2020-04-22 23:12:26 INFO  main org.apache.coyote.http11.Http11NioProtocol Starting ProtocolHandler ["http-nio-8099"]
2020-04-22 23:12:26 INFO  main org.apache.coyote.http11.Http11NioProtocol Pausing ProtocolHandler ["http-nio-8099"]
2020-04-22 23:12:26 INFO  main org.apache.catalina.core.StandardService Stopping service [Tomcat]
2020-04-22 23:12:26 INFO  main org.apache.coyote.http11.Http11NioProtocol Stopping ProtocolHandler ["http-nio-8099"]
2020-04-22 23:12:26 INFO  main org.apache.coyote.http11.Http11NioProtocol Destroying ProtocolHandler ["http-nio-8099"]
2020-04-22 23:12:26 INFO  main org.springframework.boot.autoconfigure.logging.ConditionEvaluationReportLoggingListener 

Error starting ApplicationContext. To display the conditions report re-run your application with 'debug' enabled.
2020-04-22 23:12:26 INFO  main org.springframework.scheduling.concurrent.ThreadPoolTaskExecutor Shutting down ExecutorService 'applicationTaskExecutor'
2020-04-22 23:12:47 INFO  main com.pdmweb.app.PdmwebApplication Starting PdmwebApplication on tymymac with PID 5211 (/Users/TymYjmac_Tom/Develop/GitHub/PDMWeb/target/classes started by TymYjmac_Tom in /Users/TymYjmac_Tom/Develop/GitHub/PDMWeb)
2020-04-22 23:12:47 INFO  main com.pdmweb.app.PdmwebApplication No active profile set, falling back to default profiles: default
2020-04-22 23:12:48 INFO  main org.springframework.data.repository.config.RepositoryConfigurationDelegate Multiple Spring Data modules found, entering strict repository configuration mode!
2020-04-22 23:12:48 INFO  main org.springframework.data.repository.config.RepositoryConfigurationDelegate Bootstrapping Spring Data repositories in DEFAULT mode.
2020-04-22 23:12:48 INFO  main org.springframework.data.repository.config.RepositoryConfigurationDelegate Finished Spring Data repository scanning in 10ms. Found 0 repository interfaces.
2020-04-22 23:12:48 INFO  main org.springframework.context.support.PostProcessorRegistrationDelegate$BeanPostProcessorChecker Bean 'org.springframework.transaction.annotation.ProxyTransactionManagementConfiguration' of type [org.springframework.transaction.annotation.ProxyTransactionManagementConfiguration] is not eligible for getting processed by all BeanPostProcessors (for example: not eligible for auto-proxying)
2020-04-22 23:12:48 INFO  main org.springframework.boot.web.embedded.tomcat.TomcatWebServer Tomcat initialized with port(s): 8099 (http)
2020-04-22 23:12:48 INFO  main org.apache.coyote.http11.Http11NioProtocol Initializing ProtocolHandler ["http-nio-8099"]
2020-04-22 23:12:48 INFO  main org.apache.catalina.core.StandardService Starting service [Tomcat]
2020-04-22 23:12:48 INFO  main org.apache.catalina.core.StandardEngine Starting Servlet engine: [Apache Tomcat/9.0.27]
2020-04-22 23:12:48 INFO  main org.apache.catalina.core.ContainerBase.[Tomcat].[localhost].[/] Initializing Spring embedded WebApplicationContext
2020-04-22 23:12:48 INFO  main org.springframework.web.context.ContextLoader Root WebApplicationContext: initialization completed in 1073 ms
2020-04-22 23:12:56 INFO  main com.pdmweb.app.PdmwebApplication Starting PdmwebApplication on tymymac with PID 5212 (/Users/TymYjmac_Tom/Develop/GitHub/PDMWeb/target/classes started by TymYjmac_Tom in /Users/TymYjmac_Tom/Develop/GitHub/PDMWeb)
2020-04-22 23:12:56 INFO  main com.pdmweb.app.PdmwebApplication No active profile set, falling back to default profiles: default
2020-04-22 23:12:57 INFO  main org.springframework.data.repository.config.RepositoryConfigurationDelegate Multiple Spring Data modules found, entering strict repository configuration mode!
2020-04-22 23:12:57 INFO  main org.springframework.data.repository.config.RepositoryConfigurationDelegate Bootstrapping Spring Data repositories in DEFAULT mode.
2020-04-22 23:12:57 INFO  main org.springframework.data.repository.config.RepositoryConfigurationDelegate Finished Spring Data repository scanning in 12ms. Found 0 repository interfaces.
2020-04-22 23:12:57 INFO  main org.springframework.context.support.PostProcessorRegistrationDelegate$BeanPostProcessorChecker Bean 'org.springframework.transaction.annotation.ProxyTransactionManagementConfiguration' of type [org.springframework.transaction.annotation.ProxyTransactionManagementConfiguration] is not eligible for getting processed by all BeanPostProcessors (for example: not eligible for auto-proxying)
2020-04-22 23:12:58 INFO  main org.springframework.boot.web.embedded.tomcat.TomcatWebServer Tomcat initialized with port(s): 8099 (http)
2020-04-22 23:12:58 INFO  main org.apache.coyote.http11.Http11NioProtocol Initializing ProtocolHandler ["http-nio-8099"]
2020-04-22 23:12:58 INFO  main org.apache.catalina.core.StandardService Starting service [Tomcat]
2020-04-22 23:12:58 INFO  main org.apache.catalina.core.StandardEngine Starting Servlet engine: [Apache Tomcat/9.0.27]
2020-04-22 23:12:58 INFO  main org.apache.catalina.core.ContainerBase.[Tomcat].[localhost].[/] Initializing Spring embedded WebApplicationContext
2020-04-22 23:12:58 INFO  main org.springframework.web.context.ContextLoader Root WebApplicationContext: initialization completed in 1244 ms
2020-04-22 23:12:58 INFO  main org.springframework.scheduling.concurrent.ThreadPoolTaskExecutor Initializing ExecutorService 'applicationTaskExecutor'
2020-04-22 23:12:58 INFO  main org.springframework.boot.autoconfigure.web.servlet.WelcomePageHandlerMapping Adding welcome page template: index
2020-04-22 23:12:59 INFO  main org.springframework.boot.actuate.endpoint.web.EndpointLinksResolver Exposing 2 endpoint(s) beneath base path '/actuator'
2020-04-22 23:12:59 INFO  main org.apache.coyote.http11.Http11NioProtocol Starting ProtocolHandler ["http-nio-8099"]
2020-04-22 23:12:59 INFO  main org.springframework.boot.web.embedded.tomcat.TomcatWebServer Tomcat started on port(s): 8099 (http) with context path ''
2020-04-22 23:12:59 INFO  main com.pdmweb.app.PdmwebApplication Started PdmwebApplication in 2.848 seconds (JVM running for 3.375)
2020-04-22 23:13:04 INFO  http-nio-8099-exec-1 org.apache.catalina.core.ContainerBase.[Tomcat].[localhost].[/] Initializing Spring DispatcherServlet 'dispatcherServlet'
2020-04-22 23:13:04 INFO  http-nio-8099-exec-1 org.springframework.web.servlet.DispatcherServlet Initializing Servlet 'dispatcherServlet'
2020-04-22 23:13:04 INFO  http-nio-8099-exec-1 org.springframework.web.servlet.DispatcherServlet Completed initialization in 6 ms
